#
# There is insufficient memory for the Java Runtime Environment to continue.
# Native memory allocation (malloc) failed to allocate 32744 bytes for ChunkPool::allocate
# Possible reasons:
#   The system is out of physical RAM or swap space
#   The process is running with CompressedOops enabled, and the Java Heap may be blocking the growth of the native heap
# Possible solutions:
#   Reduce memory load on the system
#   Increase physical memory or swap space
#   Check if swap backing store is full
#   Decrease Java heap size (-Xmx/-Xms)
#   Decrease number of Java threads
#   Decrease Java thread stack sizes (-Xss)
#   Set larger code cache with -XX:ReservedCodeCacheSize=
#   JVM is running with Zero Based Compressed Oops mode in which the Java heap is
#     placed in the first 32GB address space. The Java Heap base address is the
#     maximum limit for the native heap growth. Please use -XX:HeapBaseMinAddress
#     to set the Java Heap base and to place the Java Heap above 32GB virtual address.
# This output file may be truncated or incomplete.
#
#  Out of Memory Error (arena.cpp:78), pid=9044, tid=17536
#
# JRE version: OpenJDK Runtime Environment Temurin-17.0.7+7 (17.0.7+7) (build 17.0.7+7)
# Java VM: OpenJDK 64-Bit Server VM Temurin-17.0.7+7 (17.0.7+7, mixed mode, tiered, compressed oops, compressed class ptrs, g1 gc, windows-amd64)
# No core dump will be written. Minidumps are not enabled by default on client versions of Windows
#

---------------  S U M M A R Y ------------

Command Line: -XX:+ShowCodeDetailsInExceptionMessages -agentlib:jdwp=transport=dt_socket,suspend=y,address=localhost:60046 -javaagent:C:\Users\504\eclipse\jee-2023-03\eclipse\configuration\org.eclipse.osgi\424\0\.cp\lib\javaagent-shaded.jar -Dfile.encoding=UTF-8 °úÁ¦.°úÁ¦2.¿¬»ê20¹®Á¦

Host: Intel(R) Core(TM) i7-9700 CPU @ 3.00GHz, 8 cores, 15G,  Windows 10 , 64 bit Build 19041 (10.0.19041.3155)
Time: Fri Jul 14 17:53:50 2023  Windows 10 , 64 bit Build 19041 (10.0.19041.3155) elapsed time: 3494.810000 seconds (0d 0h 58m 14s)

---------------  T H R E A D  ---------------

Current thread (0x0000029757068330):  JavaThread "C2 CompilerThread0" daemon [_thread_in_vm, id=17536, stack(0x000000d961300000,0x000000d961400000)]


Current CompileTask:
C2:3494810  529       4       org.eclipse.jdt.launching.internal.org.objectweb.asm.ClassReader::readUtf (161 bytes)

Stack: [0x000000d961300000,0x000000d961400000]
Native frames: (J=compiled Java code, j=interpreted, Vv=VM code, C=native code)
V  [jvm.dll+0x67754a]
V  [jvm.dll+0x834304]
V  [jvm.dll+0x835aae]
V  [jvm.dll+0x836113]
V  [jvm.dll+0x24696f]
V  [jvm.dll+0xac2cc]
V  [jvm.dll+0xac67c]
V  [jvm.dll+0x1d68c1]
V  [jvm.dll+0x1cc7d4]
V  [jvm.dll+0x1d5f42]
V  [jvm.dll+0x1d6703]
V  [jvm.dll+0x1c5242]
V  [jvm.dll+0x1c4e60]
V  [jvm.dll+0x1d9ae0]
V  [jvm.dll+0x1de3d7]
V  [jvm.dll+0x1dc492]
V  [jvm.dll+0x1de82a]
V  [jvm.dll+0x1de027]
V  [jvm.dll+0x1defd1]
V  [jvm.dll+0x1de2ae]
V  [jvm.dll+0x1cdfc0]
V  [jvm.dll+0x126f8e]
V  [jvm.dll+0x2ab0c0]
V  [jvm.dll+0x2acdda]
V  [jvm.dll+0x68f857]
V  [jvm.dll+0x68794b]
V  [jvm.dll+0x686f87]
V  [jvm.dll+0x684e82]
V  [jvm.dll+0x1a7fdc]
V  [jvm.dll+0x2ace54]
V  [jvm.dll+0x68f857]
V  [jvm.dll+0x68794b]
V  [jvm.dll+0x686f87]
V  [jvm.dll+0x684e82]
V  [jvm.dll+0x1a7fdc]
V  [jvm.dll+0x218628]
V  [jvm.dll+0x1a4d8d]
V  [jvm.dll+0x2284da]
V  [jvm.dll+0x226615]
V  [jvm.dll+0x7ea90b]
V  [jvm.dll+0x7e4e7a]
V  [jvm.dll+0x676395]
C  [ucrtbase.dll+0x21bb2]
C  [KERNEL32.DLL+0x17614]
C  [ntdll.dll+0x526b1]


---------------  P R O C E S S  ---------------

Threads class SMR info:
_java_thread_list=0x0000029757827a60, length=15, elements={
0x00000297345a8070, 0x00000297570497e0, 0x000002975704b070, 0x0000029757065a30,
0x00000297570662f0, 0x0000029757066ca0, 0x0000029757067650, 0x0000029757068330,
0x000002975708eaa0, 0x000002975708efb0, 0x000002975719f430, 0x00000297572eb620,
0x00000297572d8ce0, 0x00000297572d91d0, 0x000002975783f200
}

Java Threads: ( => current thread )
  0x00000297345a8070 JavaThread "main" [_thread_in_native, id=8804, stack(0x000000d960600000,0x000000d960700000)]
  0x00000297570497e0 JavaThread "Reference Handler" daemon [_thread_blocked, id=17472, stack(0x000000d960d00000,0x000000d960e00000)]
  0x000002975704b070 JavaThread "Finalizer" daemon [_thread_blocked, id=17476, stack(0x000000d960e00000,0x000000d960f00000)]
  0x0000029757065a30 JavaThread "Signal Dispatcher" daemon [_thread_blocked, id=17520, stack(0x000000d960f00000,0x000000d961000000)]
  0x00000297570662f0 JavaThread "Attach Listener" daemon [_thread_blocked, id=17524, stack(0x000000d961000000,0x000000d961100000)]
  0x0000029757066ca0 JavaThread "Service Thread" daemon [_thread_blocked, id=17528, stack(0x000000d961100000,0x000000d961200000)]
  0x0000029757067650 JavaThread "Monitor Deflation Thread" daemon [_thread_blocked, id=17532, stack(0x000000d961200000,0x000000d961300000)]
=>0x0000029757068330 JavaThread "C2 CompilerThread0" daemon [_thread_in_vm, id=17536, stack(0x000000d961300000,0x000000d961400000)]
  0x000002975708eaa0 JavaThread "C1 CompilerThread0" daemon [_thread_blocked, id=17540, stack(0x000000d961400000,0x000000d961500000)]
  0x000002975708efb0 JavaThread "Sweeper thread" daemon [_thread_blocked, id=17552, stack(0x000000d961500000,0x000000d961600000)]
  0x000002975719f430 JavaThread "Common-Cleaner" daemon [_thread_blocked, id=17624, stack(0x000000d961600000,0x000000d961700000)]
  0x00000297572eb620 JavaThread "JDWP Transport Listener: dt_socket" daemon [_thread_blocked, id=17672, stack(0x000000d961700000,0x000000d961800000)]
  0x00000297572d8ce0 JavaThread "JDWP Event Helper Thread" daemon [_thread_blocked, id=17680, stack(0x000000d961800000,0x000000d961900000)]
  0x00000297572d91d0 JavaThread "JDWP Command Reader" daemon [_thread_in_native, id=17688, stack(0x000000d961900000,0x000000d961a00000)]
  0x000002975783f200 JavaThread "Notification Thread" daemon [_thread_blocked, id=17716, stack(0x000000d961a00000,0x000000d961b00000)]

Other Threads:
  0x0000029752f4ead0 VMThread "VM Thread" [stack: 0x000000d960c00000,0x000000d960d00000] [id=17456]
  0x0000029757a58390 WatcherThread [stack: 0x000000d961b00000,0x000000d961c00000] [id=17720]
  0x0000029734611da0 GCTaskThread "GC Thread#0" [stack: 0x000000d960700000,0x000000d960800000] [id=14972]
  0x00000297346227b0 ConcurrentGCThread "G1 Main Marker" [stack: 0x000000d960800000,0x000000d960900000] [id=15892]
  0x00000297346231c0 ConcurrentGCThread "G1 Conc#0" [stack: 0x000000d960900000,0x000000d960a00000] [id=4448]
  0x0000029734677390 ConcurrentGCThread "G1 Refine#0" [stack: 0x000000d960a00000,0x000000d960b00000] [id=16264]
  0x0000029752dd20d0 ConcurrentGCThread "G1 Service" [stack: 0x000000d960b00000,0x000000d960c00000] [id=12872]

Threads with active compile tasks:
C2 CompilerThread0  3494828  529       4       org.eclipse.jdt.launching.internal.org.objectweb.asm.ClassReader::readUtf (161 bytes)

VM state: not at safepoint (normal execution)

VM Mutex/Monitor currently owned by a thread: None

Heap address: 0x0000000705200000, size: 4014 MB, Compressed Oops mode: Zero based, Oop shift amount: 3

CDS archive(s) not mapped
Compressed class space mapped at: 0x0000000800000000-0x0000000840000000, reserved size: 1073741824
Narrow klass base: 0x0000000800000000, Narrow klass shift: 0, Narrow klass range: 0x40000000

GC Precious Log:
 CPUs: 8 total, 8 available
 Memory: 16049M
 Large Page Support: Disabled
 NUMA Support: Disabled
 Compressed Oops: Enabled (Zero based)
 Heap Region Size: 2M
 Heap Min Capacity: 8M
 Heap Initial Capacity: 252M
 Heap Max Capacity: 4014M
 Pre-touch: Disabled
 Parallel Workers: 8
 Concurrent Workers: 2
 Concurrent Refinement Workers: 8
 Periodic GC: Disabled

Heap:
 garbage-first heap   total 258048K, used 6144K [0x0000000705200000, 0x0000000800000000)
  region size 2048K, 4 young (8192K), 0 survivors (0K)
 Metaspace       used 10724K, committed 10880K, reserved 1114112K
  class space    used 927K, committed 1024K, reserved 1048576K

Heap Regions: E=young(eden), S=young(survivor), O=old, HS=humongous(starts), HC=humongous(continues), CS=collection set, F=free, OA=open archive, CA=closed archive, TAMS=top-at-mark-start (previous, next)
|   0|0x0000000705200000, 0x0000000705200000, 0x0000000705400000|  0%| F|  |TAMS 0x0000000705200000, 0x0000000705200000| Untracked 
|   1|0x0000000705400000, 0x0000000705400000, 0x0000000705600000|  0%| F|  |TAMS 0x0000000705400000, 0x0000000705400000| Untracked 
|   2|0x0000000705600000, 0x0000000705600000, 0x0000000705800000|  0%| F|  |TAMS 0x0000000705600000, 0x0000000705600000| Untracked 
|   3|0x0000000705800000, 0x0000000705800000, 0x0000000705a00000|  0%| F|  |TAMS 0x0000000705800000, 0x0000000705800000| Untracked 
|   4|0x0000000705a00000, 0x0000000705a00000, 0x0000000705c00000|  0%| F|  |TAMS 0x0000000705a00000, 0x0000000705a00000| Untracked 
|   5|0x0000000705c00000, 0x0000000705c00000, 0x0000000705e00000|  0%| F|  |TAMS 0x0000000705c00000, 0x0000000705c00000| Untracked 
|   6|0x0000000705e00000, 0x0000000705e00000, 0x0000000706000000|  0%| F|  |TAMS 0x0000000705e00000, 0x0000000705e00000| Untracked 
|   7|0x0000000706000000, 0x0000000706000000, 0x0000000706200000|  0%| F|  |TAMS 0x0000000706000000, 0x0000000706000000| Untracked 
|   8|0x0000000706200000, 0x0000000706200000, 0x0000000706400000|  0%| F|  |TAMS 0x0000000706200000, 0x0000000706200000| Untracked 
|   9|0x0000000706400000, 0x0000000706400000, 0x0000000706600000|  0%| F|  |TAMS 0x0000000706400000, 0x0000000706400000| Untracked 
|  10|0x0000000706600000, 0x0000000706600000, 0x0000000706800000|  0%| F|  |TAMS 0x0000000706600000, 0x0000000706600000| Untracked 
|  11|0x0000000706800000, 0x0000000706800000, 0x0000000706a00000|  0%| F|  |TAMS 0x0000000706800000, 0x0000000706800000| Untracked 
|  12|0x0000000706a00000, 0x0000000706a00000, 0x0000000706c00000|  0%| F|  |TAMS 0x0000000706a00000, 0x0000000706a00000| Untracked 
|  13|0x0000000706c00000, 0x0000000706c00000, 0x0000000706e00000|  0%| F|  |TAMS 0x0000000706c00000, 0x0000000706c00000| Untracked 
|  14|0x0000000706e00000, 0x0000000706e00000, 0x0000000707000000|  0%| F|  |TAMS 0x0000000706e00000, 0x0000000706e00000| Untracked 
|  15|0x0000000707000000, 0x0000000707000000, 0x0000000707200000|  0%| F|  |TAMS 0x0000000707000000, 0x0000000707000000| Untracked 
|  16|0x0000000707200000, 0x0000000707200000, 0x0000000707400000|  0%| F|  |TAMS 0x0000000707200000, 0x0000000707200000| Untracked 
|  17|0x0000000707400000, 0x0000000707400000, 0x0000000707600000|  0%| F|  |TAMS 0x0000000707400000, 0x0000000707400000| Untracked 
|  18|0x0000000707600000, 0x0000000707600000, 0x0000000707800000|  0%| F|  |TAMS 0x0000000707600000, 0x0000000707600000| Untracked 
|  19|0x0000000707800000, 0x0000000707800000, 0x0000000707a00000|  0%| F|  |TAMS 0x0000000707800000, 0x0000000707800000| Untracked 
|  20|0x0000000707a00000, 0x0000000707a00000, 0x0000000707c00000|  0%| F|  |TAMS 0x0000000707a00000, 0x0000000707a00000| Untracked 
|  21|0x0000000707c00000, 0x0000000707c00000, 0x0000000707e00000|  0%| F|  |TAMS 0x0000000707c00000, 0x0000000707c00000| Untracked 
|  22|0x0000000707e00000, 0x0000000707e00000, 0x0000000708000000|  0%| F|  |TAMS 0x0000000707e00000, 0x0000000707e00000| Untracked 
|  23|0x0000000708000000, 0x0000000708000000, 0x0000000708200000|  0%| F|  |TAMS 0x0000000708000000, 0x0000000708000000| Untracked 
|  24|0x0000000708200000, 0x0000000708200000, 0x0000000708400000|  0%| F|  |TAMS 0x0000000708200000, 0x0000000708200000| Untracked 
|  25|0x0000000708400000, 0x0000000708400000, 0x0000000708600000|  0%| F|  |TAMS 0x0000000708400000, 0x0000000708400000| Untracked 
|  26|0x0000000708600000, 0x0000000708600000, 0x0000000708800000|  0%| F|  |TAMS 0x0000000708600000, 0x0000000708600000| Untracked 
|  27|0x0000000708800000, 0x0000000708800000, 0x0000000708a00000|  0%| F|  |TAMS 0x0000000708800000, 0x0000000708800000| Untracked 
|  28|0x0000000708a00000, 0x0000000708a00000, 0x0000000708c00000|  0%| F|  |TAMS 0x0000000708a00000, 0x0000000708a00000| Untracked 
|  29|0x0000000708c00000, 0x0000000708c00000, 0x0000000708e00000|  0%| F|  |TAMS 0x0000000708c00000, 0x0000000708c00000| Untracked 
|  30|0x0000000708e00000, 0x0000000708e00000, 0x0000000709000000|  0%| F|  |TAMS 0x0000000708e00000, 0x0000000708e00000| Untracked 
|  31|0x0000000709000000, 0x0000000709000000, 0x0000000709200000|  0%| F|  |TAMS 0x0000000709000000, 0x0000000709000000| Untracked 
|  32|0x0000000709200000, 0x0000000709200000, 0x0000000709400000|  0%| F|  |TAMS 0x0000000709200000, 0x0000000709200000| Untracked 
|  33|0x0000000709400000, 0x0000000709400000, 0x0000000709600000|  0%| F|  |TAMS 0x0000000709400000, 0x0000000709400000| Untracked 
|  34|0x0000000709600000, 0x0000000709600000, 0x0000000709800000|  0%| F|  |TAMS 0x0000000709600000, 0x0000000709600000| Untracked 
|  35|0x0000000709800000, 0x0000000709800000, 0x0000000709a00000|  0%| F|  |TAMS 0x0000000709800000, 0x0000000709800000| Untracked 
|  36|0x0000000709a00000, 0x0000000709a00000, 0x0000000709c00000|  0%| F|  |TAMS 0x0000000709a00000, 0x0000000709a00000| Untracked 
|  37|0x0000000709c00000, 0x0000000709c00000, 0x0000000709e00000|  0%| F|  |TAMS 0x0000000709c00000, 0x0000000709c00000| Untracked 
|  38|0x0000000709e00000, 0x0000000709e00000, 0x000000070a000000|  0%| F|  |TAMS 0x0000000709e00000, 0x0000000709e00000| Untracked 
|  39|0x000000070a000000, 0x000000070a000000, 0x000000070a200000|  0%| F|  |TAMS 0x000000070a000000, 0x000000070a000000| Untracked 
|  40|0x000000070a200000, 0x000000070a200000, 0x000000070a400000|  0%| F|  |TAMS 0x000000070a200000, 0x000000070a200000| Untracked 
|  41|0x000000070a400000, 0x000000070a400000, 0x000000070a600000|  0%| F|  |TAMS 0x000000070a400000, 0x000000070a400000| Untracked 
|  42|0x000000070a600000, 0x000000070a600000, 0x000000070a800000|  0%| F|  |TAMS 0x000000070a600000, 0x000000070a600000| Untracked 
|  43|0x000000070a800000, 0x000000070a800000, 0x000000070aa00000|  0%| F|  |TAMS 0x000000070a800000, 0x000000070a800000| Untracked 
|  44|0x000000070aa00000, 0x000000070aa00000, 0x000000070ac00000|  0%| F|  |TAMS 0x000000070aa00000, 0x000000070aa00000| Untracked 
|  45|0x000000070ac00000, 0x000000070ac00000, 0x000000070ae00000|  0%| F|  |TAMS 0x000000070ac00000, 0x000000070ac00000| Untracked 
|  46|0x000000070ae00000, 0x000000070ae00000, 0x000000070b000000|  0%| F|  |TAMS 0x000000070ae00000, 0x000000070ae00000| Untracked 
|  47|0x000000070b000000, 0x000000070b000000, 0x000000070b200000|  0%| F|  |TAMS 0x000000070b000000, 0x000000070b000000| Untracked 
|  48|0x000000070b200000, 0x000000070b200000, 0x000000070b400000|  0%| F|  |TAMS 0x000000070b200000, 0x000000070b200000| Untracked 
|  49|0x000000070b400000, 0x000000070b400000, 0x000000070b600000|  0%| F|  |TAMS 0x000000070b400000, 0x000000070b400000| Untracked 
|  50|0x000000070b600000, 0x000000070b600000, 0x000000070b800000|  0%| F|  |TAMS 0x000000070b600000, 0x000000070b600000| Untracked 
|  51|0x000000070b800000, 0x000000070b800000, 0x000000070ba00000|  0%| F|  |TAMS 0x000000070b800000, 0x000000070b800000| Untracked 
|  52|0x000000070ba00000, 0x000000070ba00000, 0x000000070bc00000|  0%| F|  |TAMS 0x000000070ba00000, 0x000000070ba00000| Untracked 
|  53|0x000000070bc00000, 0x000000070bc00000, 0x000000070be00000|  0%| F|  |TAMS 0x000000070bc00000, 0x000000070bc00000| Untracked 
|  54|0x000000070be00000, 0x000000070be00000, 0x000000070c000000|  0%| F|  |TAMS 0x000000070be00000, 0x000000070be00000| Untracked 
|  55|0x000000070c000000, 0x000000070c000000, 0x000000070c200000|  0%| F|  |TAMS 0x000000070c000000, 0x000000070c000000| Untracked 
|  56|0x000000070c200000, 0x000000070c200000, 0x000000070c400000|  0%| F|  |TAMS 0x000000070c200000, 0x000000070c200000| Untracked 
|  57|0x000000070c400000, 0x000000070c400000, 0x000000070c600000|  0%| F|  |TAMS 0x000000070c400000, 0x000000070c400000| Untracked 
|  58|0x000000070c600000, 0x000000070c600000, 0x000000070c800000|  0%| F|  |TAMS 0x000000070c600000, 0x000000070c600000| Untracked 
|  59|0x000000070c800000, 0x000000070c800000, 0x000000070ca00000|  0%| F|  |TAMS 0x000000070c800000, 0x000000070c800000| Untracked 
|  60|0x000000070ca00000, 0x000000070ca00000, 0x000000070cc00000|  0%| F|  |TAMS 0x000000070ca00000, 0x000000070ca00000| Untracked 
|  61|0x000000070cc00000, 0x000000070cc00000, 0x000000070ce00000|  0%| F|  |TAMS 0x000000070cc00000, 0x000000070cc00000| Untracked 
|  62|0x000000070ce00000, 0x000000070ce00000, 0x000000070d000000|  0%| F|  |TAMS 0x000000070ce00000, 0x000000070ce00000| Untracked 
|  63|0x000000070d000000, 0x000000070d000000, 0x000000070d200000|  0%| F|  |TAMS 0x000000070d000000, 0x000000070d000000| Untracked 
|  64|0x000000070d200000, 0x000000070d200000, 0x000000070d400000|  0%| F|  |TAMS 0x000000070d200000, 0x000000070d200000| Untracked 
|  65|0x000000070d400000, 0x000000070d400000, 0x000000070d600000|  0%| F|  |TAMS 0x000000070d400000, 0x000000070d400000| Untracked 
|  66|0x000000070d600000, 0x000000070d600000, 0x000000070d800000|  0%| F|  |TAMS 0x000000070d600000, 0x000000070d600000| Untracked 
|  67|0x000000070d800000, 0x000000070d800000, 0x000000070da00000|  0%| F|  |TAMS 0x000000070d800000, 0x000000070d800000| Untracked 
|  68|0x000000070da00000, 0x000000070da00000, 0x000000070dc00000|  0%| F|  |TAMS 0x000000070da00000, 0x000000070da00000| Untracked 
|  69|0x000000070dc00000, 0x000000070dc00000, 0x000000070de00000|  0%| F|  |TAMS 0x000000070dc00000, 0x000000070dc00000| Untracked 
|  70|0x000000070de00000, 0x000000070de00000, 0x000000070e000000|  0%| F|  |TAMS 0x000000070de00000, 0x000000070de00000| Untracked 
|  71|0x000000070e000000, 0x000000070e000000, 0x000000070e200000|  0%| F|  |TAMS 0x000000070e000000, 0x000000070e000000| Untracked 
|  72|0x000000070e200000, 0x000000070e200000, 0x000000070e400000|  0%| F|  |TAMS 0x000000070e200000, 0x000000070e200000| Untracked 
|  73|0x000000070e400000, 0x000000070e400000, 0x000000070e600000|  0%| F|  |TAMS 0x000000070e400000, 0x000000070e400000| Untracked 
|  74|0x000000070e600000, 0x000000070e600000, 0x000000070e800000|  0%| F|  |TAMS 0x000000070e600000, 0x000000070e600000| Untracked 
|  75|0x000000070e800000, 0x000000070e800000, 0x000000070ea00000|  0%| F|  |TAMS 0x000000070e800000, 0x000000070e800000| Untracked 
|  76|0x000000070ea00000, 0x000000070ea00000, 0x000000070ec00000|  0%| F|  |TAMS 0x000000070ea00000, 0x000000070ea00000| Untracked 
|  77|0x000000070ec00000, 0x000000070ec00000, 0x000000070ee00000|  0%| F|  |TAMS 0x000000070ec00000, 0x000000070ec00000| Untracked 
|  78|0x000000070ee00000, 0x000000070ee00000, 0x000000070f000000|  0%| F|  |TAMS 0x000000070ee00000, 0x000000070ee00000| Untracked 
|  79|0x000000070f000000, 0x000000070f000000, 0x000000070f200000|  0%| F|  |TAMS 0x000000070f000000, 0x000000070f000000| Untracked 
|  80|0x000000070f200000, 0x000000070f200000, 0x000000070f400000|  0%| F|  |TAMS 0x000000070f200000, 0x000000070f200000| Untracked 
|  81|0x000000070f400000, 0x000000070f400000, 0x000000070f600000|  0%| F|  |TAMS 0x000000070f400000, 0x000000070f400000| Untracked 
|  82|0x000000070f600000, 0x000000070f600000, 0x000000070f800000|  0%| F|  |TAMS 0x000000070f600000, 0x000000070f600000| Untracked 
|  83|0x000000070f800000, 0x000000070f800000, 0x000000070fa00000|  0%| F|  |TAMS 0x000000070f800000, 0x000000070f800000| Untracked 
|  84|0x000000070fa00000, 0x000000070fa00000, 0x000000070fc00000|  0%| F|  |TAMS 0x000000070fa00000, 0x000000070fa00000| Untracked 
|  85|0x000000070fc00000, 0x000000070fc00000, 0x000000070fe00000|  0%| F|  |TAMS 0x000000070fc00000, 0x000000070fc00000| Untracked 
|  86|0x000000070fe00000, 0x000000070fe00000, 0x0000000710000000|  0%| F|  |TAMS 0x000000070fe00000, 0x000000070fe00000| Untracked 
|  87|0x0000000710000000, 0x0000000710000000, 0x0000000710200000|  0%| F|  |TAMS 0x0000000710000000, 0x0000000710000000| Untracked 
|  88|0x0000000710200000, 0x0000000710200000, 0x0000000710400000|  0%| F|  |TAMS 0x0000000710200000, 0x0000000710200000| Untracked 
|  89|0x0000000710400000, 0x0000000710400000, 0x0000000710600000|  0%| F|  |TAMS 0x0000000710400000, 0x0000000710400000| Untracked 
|  90|0x0000000710600000, 0x0000000710600000, 0x0000000710800000|  0%| F|  |TAMS 0x0000000710600000, 0x0000000710600000| Untracked 
|  91|0x0000000710800000, 0x0000000710800000, 0x0000000710a00000|  0%| F|  |TAMS 0x0000000710800000, 0x0000000710800000| Untracked 
|  92|0x0000000710a00000, 0x0000000710a00000, 0x0000000710c00000|  0%| F|  |TAMS 0x0000000710a00000, 0x0000000710a00000| Untracked 
|  93|0x0000000710c00000, 0x0000000710c00000, 0x0000000710e00000|  0%| F|  |TAMS 0x0000000710c00000, 0x0000000710c00000| Untracked 
|  94|0x0000000710e00000, 0x0000000710e00000, 0x0000000711000000|  0%| F|  |TAMS 0x0000000710e00000, 0x0000000710e00000| Untracked 
|  95|0x0000000711000000, 0x0000000711000000, 0x0000000711200000|  0%| F|  |TAMS 0x0000000711000000, 0x0000000711000000| Untracked 
|  96|0x0000000711200000, 0x0000000711200000, 0x0000000711400000|  0%| F|  |TAMS 0x0000000711200000, 0x0000000711200000| Untracked 
|  97|0x0000000711400000, 0x0000000711400000, 0x0000000711600000|  0%| F|  |TAMS 0x0000000711400000, 0x0000000711400000| Untracked 
|  98|0x0000000711600000, 0x0000000711600000, 0x0000000711800000|  0%| F|  |TAMS 0x0000000711600000, 0x0000000711600000| Untracked 
|  99|0x0000000711800000, 0x0000000711800000, 0x0000000711a00000|  0%| F|  |TAMS 0x0000000711800000, 0x0000000711800000| Untracked 
| 100|0x0000000711a00000, 0x0000000711a00000, 0x0000000711c00000|  0%| F|  |TAMS 0x0000000711a00000, 0x0000000711a00000| Untracked 
| 101|0x0000000711c00000, 0x0000000711c00000, 0x0000000711e00000|  0%| F|  |TAMS 0x0000000711c00000, 0x0000000711c00000| Untracked 
| 102|0x0000000711e00000, 0x0000000711e00000, 0x0000000712000000|  0%| F|  |TAMS 0x0000000711e00000, 0x0000000711e00000| Untracked 
| 103|0x0000000712000000, 0x0000000712000000, 0x0000000712200000|  0%| F|  |TAMS 0x0000000712000000, 0x0000000712000000| Untracked 
| 104|0x0000000712200000, 0x0000000712200000, 0x0000000712400000|  0%| F|  |TAMS 0x0000000712200000, 0x0000000712200000| Untracked 
| 105|0x0000000712400000, 0x0000000712400000, 0x0000000712600000|  0%| F|  |TAMS 0x0000000712400000, 0x0000000712400000| Untracked 
| 106|0x0000000712600000, 0x0000000712600000, 0x0000000712800000|  0%| F|  |TAMS 0x0000000712600000, 0x0000000712600000| Untracked 
| 107|0x0000000712800000, 0x0000000712800000, 0x0000000712a00000|  0%| F|  |TAMS 0x0000000712800000, 0x0000000712800000| Untracked 
| 108|0x0000000712a00000, 0x0000000712a00000, 0x0000000712c00000|  0%| F|  |TAMS 0x0000000712a00000, 0x0000000712a00000| Untracked 
| 109|0x0000000712c00000, 0x0000000712c00000, 0x0000000712e00000|  0%| F|  |TAMS 0x0000000712c00000, 0x0000000712c00000| Untracked 
| 110|0x0000000712e00000, 0x0000000712e00000, 0x0000000713000000|  0%| F|  |TAMS 0x0000000712e00000, 0x0000000712e00000| Untracked 
| 111|0x0000000713000000, 0x0000000713000000, 0x0000000713200000|  0%| F|  |TAMS 0x0000000713000000, 0x0000000713000000| Untracked 
| 112|0x0000000713200000, 0x0000000713200000, 0x0000000713400000|  0%| F|  |TAMS 0x0000000713200000, 0x0000000713200000| Untracked 
| 113|0x0000000713400000, 0x0000000713400000, 0x0000000713600000|  0%| F|  |TAMS 0x0000000713400000, 0x0000000713400000| Untracked 
| 114|0x0000000713600000, 0x0000000713600000, 0x0000000713800000|  0%| F|  |TAMS 0x0000000713600000, 0x0000000713600000| Untracked 
| 115|0x0000000713800000, 0x0000000713800000, 0x0000000713a00000|  0%| F|  |TAMS 0x0000000713800000, 0x0000000713800000| Untracked 
| 116|0x0000000713a00000, 0x0000000713a00000, 0x0000000713c00000|  0%| F|  |TAMS 0x0000000713a00000, 0x0000000713a00000| Untracked 
| 117|0x0000000713c00000, 0x0000000713c00000, 0x0000000713e00000|  0%| F|  |TAMS 0x0000000713c00000, 0x0000000713c00000| Untracked 
| 118|0x0000000713e00000, 0x0000000713e00000, 0x0000000714000000|  0%| F|  |TAMS 0x0000000713e00000, 0x0000000713e00000| Untracked 
| 119|0x0000000714000000, 0x0000000714000000, 0x0000000714200000|  0%| F|  |TAMS 0x0000000714000000, 0x0000000714000000| Untracked 
| 120|0x0000000714200000, 0x0000000714200000, 0x0000000714400000|  0%| F|  |TAMS 0x0000000714200000, 0x0000000714200000| Untracked 
| 121|0x0000000714400000, 0x0000000714400000, 0x0000000714600000|  0%| F|  |TAMS 0x0000000714400000, 0x0000000714400000| Untracked 
| 122|0x0000000714600000, 0x00000007147cef98, 0x0000000714800000| 90%| E|  |TAMS 0x0000000714600000, 0x0000000714600000| Complete 
| 123|0x0000000714800000, 0x0000000714a00000, 0x0000000714a00000|100%| E|CS|TAMS 0x0000000714800000, 0x0000000714800000| Complete 
| 124|0x0000000714a00000, 0x0000000714c00000, 0x0000000714c00000|100%| E|CS|TAMS 0x0000000714a00000, 0x0000000714a00000| Complete 
| 125|0x0000000714c00000, 0x0000000714e00000, 0x0000000714e00000|100%| E|CS|TAMS 0x0000000714c00000, 0x0000000714c00000| Complete 

Card table byte_map: [0x0000029747780000,0x0000029747f60000] _byte_map_base: 0x0000029743f57000

Marking Bits (Prev, Next): (CMBitMap*) 0x00000297346123b0, (CMBitMap*) 0x00000297346123f0
 Prev Bits: [0x0000029748740000, 0x000002974c5f8000)
 Next Bits: [0x000002974c600000, 0x00000297504b8000)

Polling page: 0x0000029733d80000

Metaspace:

Usage:
  Non-class:      9.57 MB used.
      Class:    927.45 KB used.
       Both:     10.47 MB used.

Virtual space:
  Non-class space:       64.00 MB reserved,       9.62 MB ( 15%) committed,  1 nodes.
      Class space:        1.00 GB reserved,       1.00 MB ( <1%) committed,  1 nodes.
             Both:        1.06 GB reserved,      10.62 MB ( <1%) committed. 

Chunk freelists:
   Non-Class:  6.20 MB
       Class:  14.97 MB
        Both:  21.17 MB

MaxMetaspaceSize: unlimited
CompressedClassSpaceSize: 1.00 GB
Initial GC threshold: 21.00 MB
Current GC threshold: 21.00 MB
CDS: off
MetaspaceReclaimPolicy: balanced
 - commit_granule_bytes: 65536.
 - commit_granule_words: 8192.
 - virtual_space_node_default_size: 8388608.
 - enlarge_chunks_in_place: 1.
 - new_chunks_are_fully_committed: 0.
 - uncommit_free_chunks: 1.
 - use_allocation_guard: 0.
 - handle_deallocations: 1.


Internal statistics:

num_allocs_failed_limit: 0.
num_arena_births: 10.
num_arena_deaths: 0.
num_vsnodes_births: 2.
num_vsnodes_deaths: 0.
num_space_committed: 170.
num_space_uncommitted: 0.
num_chunks_returned_to_freelist: 0.
num_chunks_taken_from_freelist: 55.
num_chunk_merges: 0.
num_chunk_splits: 27.
num_chunks_enlarged: 17.
num_inconsistent_stats: 0.

CodeHeap 'non-profiled nmethods': size=120000Kb used=159Kb max_used=159Kb free=119840Kb
 bounds [0x000002973f740000, 0x000002973f9b0000, 0x0000029746c70000]
CodeHeap 'profiled nmethods': size=120000Kb used=739Kb max_used=739Kb free=119261Kb
 bounds [0x0000029737c70000, 0x0000029737ee0000, 0x000002973f1a0000]
CodeHeap 'non-nmethods': size=5760Kb used=1218Kb max_used=1237Kb free=4541Kb
 bounds [0x000002973f1a0000, 0x000002973f410000, 0x000002973f740000]
 total_blobs=942 nmethods=504 adapters=351
 compilation: enabled
              stopped_count=0, restarted_count=0
 full_count=0

Compilation events (20 events):
Event: 2482.763 Thread 0x000002975708eaa0 nmethod 519 0x000002973f767410 code [0x000002973f7675a0, 0x000002973f767678]
Event: 2859.748 Thread 0x000002975708eaa0  520       1       java.net.URL::getAuthority (5 bytes)
Event: 2859.748 Thread 0x000002975708eaa0 nmethod 520 0x000002973f767710 code [0x000002973f7678a0, 0x000002973f767978]
Event: 2859.748 Thread 0x000002975708eaa0  521       1       java.net.URL::getQuery (5 bytes)
Event: 2859.748 Thread 0x000002975708eaa0 nmethod 521 0x000002973f767a10 code [0x000002973f767ba0, 0x000002973f767c78]
Event: 3200.556 Thread 0x0000029757068330  523       4       java.lang.String::hashCode (60 bytes)
Event: 3200.556 Thread 0x000002975708eaa0  522       3       org.eclipse.jdt.launching.internal.org.objectweb.asm.SymbolTable::addConstantUtf8 (98 bytes)
Event: 3200.558 Thread 0x000002975708eaa0 

Event: 3200.561 Thread 0x0000029757068330 

Event: 3210.207 Thread 0x0000029757068330  524       4       java.lang.StringUTF16::compress (50 bytes)
Event: 3210.212 Thread 0x0000029757068330 

Event: 3272.200 Thread 0x000002975708eaa0  527       3       java.lang.StringUTF16::newBytesFor (61 bytes)
Event: 3272.202 Thread 0x000002975708eaa0 

Event: 3272.202 Thread 0x000002975708eaa0  526       3       org.eclipse.jdt.launching.internal.org.objectweb.asm.SymbolTable$Entry::<init> (20 bytes)
Event: 3272.202 Thread 0x000002975708eaa0 nmethod 526 0x0000029737d27b90 code [0x0000029737d27d20, 0x0000029737d27ec8]
Event: 3272.202 Thread 0x000002975708eaa0  525       3       org.eclipse.jdt.launching.internal.org.objectweb.asm.SymbolTable::addConstantMemberReference (29 bytes)
Event: 3272.202 Thread 0x000002975708eaa0 nmethod 525 0x0000029737d27f90 code [0x0000029737d28180, 0x0000029737d28548]
Event: 3480.524 Thread 0x000002975708eaa0  528       3       org.eclipse.jdt.launching.internal.org.objectweb.asm.SymbolTable$Entry::<init> (18 bytes)
Event: 3480.524 Thread 0x000002975708eaa0 nmethod 528 0x0000029737d28810 code [0x0000029737d289c0, 0x0000029737d28b68]
Event: 3494.805 Thread 0x0000029757068330  529       4       org.eclipse.jdt.launching.internal.org.objectweb.asm.ClassReader::readUtf (161 bytes)

GC Heap History (0 events):
No events

Dll operation events (8 events):
Event: 0.004 Loaded shared library C:\Users\504\.p2\pool\plugins\org.eclipse.justj.openjdk.hotspot.jre.full.win32.x86_64_17.0.7.v20230425-1502\jre\bin\java.dll
Event: 0.189 Loaded shared library C:\Users\504\.p2\pool\plugins\org.eclipse.justj.openjdk.hotspot.jre.full.win32.x86_64_17.0.7.v20230425-1502\jre\bin\zip.dll
Event: 0.193 Loaded shared library C:\Users\504\.p2\pool\plugins\org.eclipse.justj.openjdk.hotspot.jre.full.win32.x86_64_17.0.7.v20230425-1502\jre\bin\instrument.dll
Event: 0.201 Loaded shared library C:\Users\504\.p2\pool\plugins\org.eclipse.justj.openjdk.hotspot.jre.full.win32.x86_64_17.0.7.v20230425-1502\jre\bin\net.dll
Event: 0.202 Loaded shared library C:\Users\504\.p2\pool\plugins\org.eclipse.justj.openjdk.hotspot.jre.full.win32.x86_64_17.0.7.v20230425-1502\jre\bin\nio.dll
Event: 0.207 Loaded shared library C:\Users\504\.p2\pool\plugins\org.eclipse.justj.openjdk.hotspot.jre.full.win32.x86_64_17.0.7.v20230425-1502\jre\bin\zip.dll
Event: 0.261 Loaded shared library C:\Users\504\.p2\pool\plugins\org.eclipse.justj.openjdk.hotspot.jre.full.win32.x86_64_17.0.7.v20230425-1502\jre\bin\jimage.dll
Event: 0.289 Loaded shared library C:\Users\504\.p2\pool\plugins\org.eclipse.justj.openjdk.hotspot.jre.full.win32.x86_64_17.0.7.v20230425-1502\jre\bin\verify.dll

Deoptimization events (20 events):
Event: 0.300 Thread 0x00000297345a8070 DEOPT PACKING pc=0x0000029737cf7754 sp=0x000000d9606fbcc0
Event: 0.300 Thread 0x00000297345a8070 DEOPT UNPACKING pc=0x000002973f1f7143 sp=0x000000d9606fb128 mode 0
Event: 0.301 Thread 0x00000297345a8070 DEOPT PACKING pc=0x0000029737cf7754 sp=0x000000d9606fbcc0
Event: 0.301 Thread 0x00000297345a8070 DEOPT UNPACKING pc=0x000002973f1f7143 sp=0x000000d9606fb128 mode 0
Event: 0.303 Thread 0x00000297345a8070 DEOPT PACKING pc=0x0000029737cf7754 sp=0x000000d9606fbbf0
Event: 0.303 Thread 0x00000297345a8070 DEOPT UNPACKING pc=0x000002973f1f7143 sp=0x000000d9606fb058 mode 0
Event: 0.303 Thread 0x00000297345a8070 DEOPT PACKING pc=0x0000029737cf7754 sp=0x000000d9606fbcc0
Event: 0.303 Thread 0x00000297345a8070 DEOPT UNPACKING pc=0x000002973f1f7143 sp=0x000000d9606fb128 mode 0
Event: 0.303 Thread 0x00000297345a8070 DEOPT PACKING pc=0x0000029737cf7754 sp=0x000000d9606fbcc0
Event: 0.303 Thread 0x00000297345a8070 DEOPT UNPACKING pc=0x000002973f1f7143 sp=0x000000d9606fb128 mode 0
Event: 0.307 Thread 0x00000297345a8070 DEOPT PACKING pc=0x0000029737cf7754 sp=0x000000d9606f7e40
Event: 0.307 Thread 0x00000297345a8070 DEOPT UNPACKING pc=0x000002973f1f7143 sp=0x000000d9606f72a8 mode 0
Event: 0.308 Thread 0x00000297345a8070 Uncommon trap: trap_request=0xffffff45 fr.pc=0x000002973f7505a0 relative=0x00000000000001a0
Event: 0.308 Thread 0x00000297345a8070 Uncommon trap: reason=unstable_if action=reinterpret pc=0x000002973f7505a0 method=java.lang.String.equals(Ljava/lang/Object;)Z @ 33 c2
Event: 0.308 Thread 0x00000297345a8070 DEOPT PACKING pc=0x000002973f7505a0 sp=0x000000d9606ff5b0
Event: 0.308 Thread 0x00000297345a8070 DEOPT UNPACKING pc=0x000002973f1f69a3 sp=0x000000d9606ff550 mode 2
Event: 0.326 Thread 0x00000297345a8070 Uncommon trap: trap_request=0xffffff45 fr.pc=0x000002973f752f48 relative=0x0000000000000048
Event: 0.326 Thread 0x00000297345a8070 Uncommon trap: reason=unstable_if action=reinterpret pc=0x000002973f752f48 method=java.lang.CharacterData.of(I)Ljava/lang/CharacterData; @ 4 c2
Event: 0.326 Thread 0x00000297345a8070 DEOPT PACKING pc=0x000002973f752f48 sp=0x000000d9606feac0
Event: 0.326 Thread 0x00000297345a8070 DEOPT UNPACKING pc=0x000002973f1f69a3 sp=0x000000d9606fea60 mode 2

Classes unloaded (0 events):
No events

Classes redefined (20 events):
Event: 1993.395 Thread 0x0000029752f4ead0 redefined class name=ê³¼ì œ.ê³¼ì œ2.ì—°ì‚°20ë¬¸ì œ, count=26
Event: 2154.442 Thread 0x0000029752f4ead0 redefined class name=ê³¼ì œ.ê³¼ì œ2.ì—°ì‚°20ë¬¸ì œ, count=27
Event: 2164.702 Thread 0x0000029752f4ead0 redefined class name=ê³¼ì œ.ê³¼ì œ2.ì—°ì‚°20ë¬¸ì œ, count=28
Event: 2188.458 Thread 0x0000029752f4ead0 redefined class name=ê³¼ì œ.ê³¼ì œ2.ì—°ì‚°20ë¬¸ì œ, count=29
Event: 2207.363 Thread 0x0000029752f4ead0 redefined class name=ê³¼ì œ.ê³¼ì œ2.ì—°ì‚°20ë¬¸ì œ, count=30
Event: 2226.345 Thread 0x0000029752f4ead0 redefined class name=ê³¼ì œ.ê³¼ì œ2.ì—°ì‚°20ë¬¸ì œ, count=31
Event: 2288.046 Thread 0x0000029752f4ead0 redefined class name=ê³¼ì œ.ê³¼ì œ2.ì—°ì‚°20ë¬¸ì œ, count=32
Event: 2442.246 Thread 0x0000029752f4ead0 redefined class name=ê³¼ì œ.ê³¼ì œ2.ì—°ì‚°20ë¬¸ì œ, count=33
Event: 2482.763 Thread 0x0000029752f4ead0 redefined class name=ê³¼ì œ.ê³¼ì œ2.ì—°ì‚°20ë¬¸ì œ, count=34
Event: 2859.748 Thread 0x0000029752f4ead0 redefined class name=ê³¼ì œ.ê³¼ì œ2.ì—°ì‚°20ë¬¸ì œ, count=35
Event: 2896.446 Thread 0x0000029752f4ead0 redefined class name=ê³¼ì œ.ê³¼ì œ2.ì—°ì‚°20ë¬¸ì œ, count=36
Event: 3154.961 Thread 0x0000029752f4ead0 redefined class name=ê³¼ì œ.ê³¼ì œ2.ì—°ì‚°20ë¬¸ì œ, count=37
Event: 3200.557 Thread 0x0000029752f4ead0 redefined class name=ê³¼ì œ.ê³¼ì œ2.ì—°ì‚°20ë¬¸ì œ, count=38
Event: 3210.208 Thread 0x0000029752f4ead0 redefined class name=ê³¼ì œ.ê³¼ì œ2.ì—°ì‚°20ë¬¸ì œ, count=39
Event: 3213.258 Thread 0x0000029752f4ead0 redefined class name=ê³¼ì œ.ê³¼ì œ2.ì—°ì‚°20ë¬¸ì œ, count=40
Event: 3229.452 Thread 0x0000029752f4ead0 redefined class name=ê³¼ì œ.ê³¼ì œ2.ì—°ì‚°20ë¬¸ì œ, count=41
Event: 3255.149 Thread 0x0000029752f4ead0 redefined class name=ê³¼ì œ.ê³¼ì œ2.ì—°ì‚°20ë¬¸ì œ, count=42
Event: 3272.200 Thread 0x0000029752f4ead0 redefined class name=ê³¼ì œ.ê³¼ì œ2.ì—°ì‚°20ë¬¸ì œ, count=43
Event: 3480.524 Thread 0x0000029752f4ead0 redefined class name=ê³¼ì œ.ê³¼ì œ2.ì—°ì‚°20ë¬¸ì œ, count=44
Event: 3494.805 Thread 0x0000029752f4ead0 redefined class name=ê³¼ì œ.ê³¼ì œ2.ì—°ì‚°20ë¬¸ì œ, count=45

Internal exceptions (0 events):
No events

VM Operations (20 events):
Event: 2896.445 Executing VM operation: RedefineClasses
Event: 2896.447 Executing VM operation: RedefineClasses done
Event: 3154.960 Executing VM operation: RedefineClasses
Event: 3154.962 Executing VM operation: RedefineClasses done
Event: 3200.556 Executing VM operation: RedefineClasses
Event: 3200.558 Executing VM operation: RedefineClasses done
Event: 3210.207 Executing VM operation: RedefineClasses
Event: 3210.209 Executing VM operation: RedefineClasses done
Event: 3213.257 Executing VM operation: RedefineClasses
Event: 3213.258 Executing VM operation: RedefineClasses done
Event: 3229.451 Executing VM operation: RedefineClasses
Event: 3229.453 Executing VM operation: RedefineClasses done
Event: 3255.149 Executing VM operation: RedefineClasses
Event: 3255.150 Executing VM operation: RedefineClasses done
Event: 3272.200 Executing VM operation: RedefineClasses
Event: 3272.201 Executing VM operation: RedefineClasses done
Event: 3480.524 Executing VM operation: RedefineClasses
Event: 3480.525 Executing VM operation: RedefineClasses done
Event: 3494.805 Executing VM operation: RedefineClasses
Event: 3494.806 Executing VM operation: RedefineClasses done

Events (20 events):
Event: 0.325 loading class java/util/stream/Sink$OfInt done
Event: 0.326 loading class java/util/stream/FindOps$FindSink$OfInt done
Event: 0.326 loading class java/util/OptionalInt
Event: 0.326 loading class java/util/OptionalInt done
Event: 0.326 loading class java/util/stream/IntPipeline$10$1
Event: 0.326 loading class java/util/stream/Sink$ChainedInt
Event: 0.326 loading class java/util/stream/Sink$ChainedInt done
Event: 0.326 loading class java/util/stream/IntPipeline$10$1 done
Event: 0.326 loading class java/lang/StringUTF16$CharsSpliterator
Event: 0.326 loading class java/lang/StringUTF16$CharsSpliterator done
Event: 0.327 loading class java/lang/CharacterData00
Event: 0.327 loading class java/lang/CharacterData00 done
Event: 0.327 loading class java/text/DecimalFormat
Event: 0.328 loading class java/text/DecimalFormat done
Event: 0.328 loading class java/text/FieldPosition
Event: 0.328 loading class java/text/FieldPosition done
Event: 0.328 loading class java/text/DigitList
Event: 0.328 loading class java/text/DigitList done
Event: 0.328 loading class java/math/RoundingMode
Event: 0.328 loading class java/math/RoundingMode done


Dynamic libraries:
0x00007ff71ce50000 - 0x00007ff71ce5e000 	C:\Users\504\.p2\pool\plugins\org.eclipse.justj.openjdk.hotspot.jre.full.win32.x86_64_17.0.7.v20230425-1502\jre\bin\javaw.exe
0x00007ffe25b10000 - 0x00007ffe25d08000 	C:\WINDOWS\SYSTEM32\ntdll.dll
0x00007ffe255d0000 - 0x00007ffe2568f000 	C:\WINDOWS\System32\KERNEL32.DLL
0x00007ffe23570000 - 0x00007ffe23866000 	C:\WINDOWS\System32\KERNELBASE.dll
0x00007ffe231f0000 - 0x00007ffe232f0000 	C:\WINDOWS\System32\ucrtbase.dll
0x00007ffe08ee0000 - 0x00007ffe08ef7000 	C:\Users\504\.p2\pool\plugins\org.eclipse.justj.openjdk.hotspot.jre.full.win32.x86_64_17.0.7.v20230425-1502\jre\bin\jli.dll
0x00007ffe24ea0000 - 0x00007ffe2503d000 	C:\WINDOWS\System32\USER32.dll
0x00007ffe23870000 - 0x00007ffe23892000 	C:\WINDOWS\System32\win32u.dll
0x00007ffe23c20000 - 0x00007ffe23c4c000 	C:\WINDOWS\System32\GDI32.dll
0x00007ffe233b0000 - 0x00007ffe234c5000 	C:\WINDOWS\System32\gdi32full.dll
0x00007ffe234d0000 - 0x00007ffe2356d000 	C:\WINDOWS\System32\msvcp_win.dll
0x00007ffe137a0000 - 0x00007ffe137b9000 	C:\Users\504\.p2\pool\plugins\org.eclipse.justj.openjdk.hotspot.jre.full.win32.x86_64_17.0.7.v20230425-1502\jre\bin\VCRUNTIME140.dll
0x00007ffe10500000 - 0x00007ffe1079a000 	C:\WINDOWS\WinSxS\amd64_microsoft.windows.common-controls_6595b64144ccf1df_6.0.19041.1110_none_60b5254171f9507e\COMCTL32.dll
0x00007ffe240c0000 - 0x00007ffe2415e000 	C:\WINDOWS\System32\msvcrt.dll
0x00007ffe23cf0000 - 0x00007ffe23d20000 	C:\WINDOWS\System32\IMM32.DLL
0x00007ffe1b6b0000 - 0x00007ffe1b6bc000 	C:\Users\504\.p2\pool\plugins\org.eclipse.justj.openjdk.hotspot.jre.full.win32.x86_64_17.0.7.v20230425-1502\jre\bin\vcruntime140_1.dll
0x00007ffdf34d0000 - 0x00007ffdf3561000 	C:\Users\504\.p2\pool\plugins\org.eclipse.justj.openjdk.hotspot.jre.full.win32.x86_64_17.0.7.v20230425-1502\jre\bin\msvcp140.dll
0x00007ffdcecd0000 - 0x00007ffdcf918000 	C:\Users\504\.p2\pool\plugins\org.eclipse.justj.openjdk.hotspot.jre.full.win32.x86_64_17.0.7.v20230425-1502\jre\bin\server\jvm.dll
0x00007ffe25040000 - 0x00007ffe250ef000 	C:\WINDOWS\System32\ADVAPI32.dll
0x00007ffe23c50000 - 0x00007ffe23cec000 	C:\WINDOWS\System32\sechost.dll
0x00007ffe256f0000 - 0x00007ffe25816000 	C:\WINDOWS\System32\RPCRT4.dll
0x00007ffe17170000 - 0x00007ffe17179000 	C:\WINDOWS\SYSTEM32\WSOCK32.dll
0x00007ffe24ad0000 - 0x00007ffe24b3b000 	C:\WINDOWS\System32\WS2_32.dll
0x00007ffe11940000 - 0x00007ffe11967000 	C:\WINDOWS\SYSTEM32\WINMM.dll
0x00007ffe1daa0000 - 0x00007ffe1daaa000 	C:\WINDOWS\SYSTEM32\VERSION.dll
0x00007ffe210c0000 - 0x00007ffe210d2000 	C:\WINDOWS\SYSTEM32\kernel.appcore.dll
0x00007ffe03b10000 - 0x00007ffe03b1a000 	C:\Users\504\.p2\pool\plugins\org.eclipse.justj.openjdk.hotspot.jre.full.win32.x86_64_17.0.7.v20230425-1502\jre\bin\jimage.dll
0x00007ffe110b0000 - 0x00007ffe11294000 	C:\WINDOWS\SYSTEM32\DBGHELP.DLL
0x00007ffe11030000 - 0x00007ffe11064000 	C:\WINDOWS\SYSTEM32\dbgcore.DLL
0x00007ffe238d0000 - 0x00007ffe23952000 	C:\WINDOWS\System32\bcryptPrimitives.dll
0x00007ffe03f50000 - 0x00007ffe03f8b000 	C:\Users\504\.p2\pool\plugins\org.eclipse.justj.openjdk.hotspot.jre.full.win32.x86_64_17.0.7.v20230425-1502\jre\bin\jdwp.dll
0x00007ffe19f90000 - 0x00007ffe19f9e000 	C:\Users\504\.p2\pool\plugins\org.eclipse.justj.openjdk.hotspot.jre.full.win32.x86_64_17.0.7.v20230425-1502\jre\bin\instrument.dll
0x00007ffdf7430000 - 0x00007ffdf7455000 	C:\Users\504\.p2\pool\plugins\org.eclipse.justj.openjdk.hotspot.jre.full.win32.x86_64_17.0.7.v20230425-1502\jre\bin\java.dll
0x00007ffdf5dc0000 - 0x00007ffdf5dd8000 	C:\Users\504\.p2\pool\plugins\org.eclipse.justj.openjdk.hotspot.jre.full.win32.x86_64_17.0.7.v20230425-1502\jre\bin\zip.dll
0x00007ffe24290000 - 0x00007ffe249d4000 	C:\WINDOWS\System32\SHELL32.dll
0x00007ffe212c0000 - 0x00007ffe21a54000 	C:\WINDOWS\SYSTEM32\windows.storage.dll
0x00007ffe24b40000 - 0x00007ffe24e94000 	C:\WINDOWS\System32\combase.dll
0x00007ffe22b60000 - 0x00007ffe22b8e000 	C:\WINDOWS\SYSTEM32\Wldp.dll
0x00007ffe23fb0000 - 0x00007ffe2405d000 	C:\WINDOWS\System32\SHCORE.dll
0x00007ffe25690000 - 0x00007ffe256e5000 	C:\WINDOWS\System32\shlwapi.dll
0x00007ffe23120000 - 0x00007ffe23145000 	C:\WINDOWS\SYSTEM32\profapi.dll
0x00007ffe171a0000 - 0x00007ffe171ac000 	C:\Users\504\.p2\pool\plugins\org.eclipse.justj.openjdk.hotspot.jre.full.win32.x86_64_17.0.7.v20230425-1502\jre\bin\dt_socket.dll
0x00007ffe225b0000 - 0x00007ffe225ec000 	C:\WINDOWS\SYSTEM32\IPHLPAPI.DLL
0x00007ffe228c0000 - 0x00007ffe2292a000 	C:\WINDOWS\system32\mswsock.dll
0x00007ffe225f0000 - 0x00007ffe226ba000 	C:\WINDOWS\SYSTEM32\DNSAPI.dll
0x00007ffe250f0000 - 0x00007ffe250f8000 	C:\WINDOWS\System32\NSI.dll
0x00007ffe1b900000 - 0x00007ffe1b90a000 	C:\Windows\System32\rasadhlp.dll
0x00007ffe1a790000 - 0x00007ffe1a812000 	C:\WINDOWS\System32\fwpuclnt.dll
0x00007ffe238a0000 - 0x00007ffe238c7000 	C:\WINDOWS\System32\bcrypt.dll
0x00007ffdf5780000 - 0x00007ffdf5799000 	C:\Users\504\.p2\pool\plugins\org.eclipse.justj.openjdk.hotspot.jre.full.win32.x86_64_17.0.7.v20230425-1502\jre\bin\net.dll
0x00007ffe1d060000 - 0x00007ffe1d16a000 	C:\WINDOWS\SYSTEM32\WINHTTP.dll
0x00007ffdf54a0000 - 0x00007ffdf54b5000 	C:\Users\504\.p2\pool\plugins\org.eclipse.justj.openjdk.hotspot.jre.full.win32.x86_64_17.0.7.v20230425-1502\jre\bin\nio.dll
0x00007ffe1db70000 - 0x00007ffe1db80000 	C:\Users\504\.p2\pool\plugins\org.eclipse.justj.openjdk.hotspot.jre.full.win32.x86_64_17.0.7.v20230425-1502\jre\bin\verify.dll

dbghelp: loaded successfully - version: 4.0.5 - missing functions: none
symbol engine: initialized successfully - sym options: 0x614 - pdb path: .;C:\Users\504\.p2\pool\plugins\org.eclipse.justj.openjdk.hotspot.jre.full.win32.x86_64_17.0.7.v20230425-1502\jre\bin;C:\WINDOWS\SYSTEM32;C:\WINDOWS\WinSxS\amd64_microsoft.windows.common-controls_6595b64144ccf1df_6.0.19041.1110_none_60b5254171f9507e;C:\Users\504\.p2\pool\plugins\org.eclipse.justj.openjdk.hotspot.jre.full.win32.x86_64_17.0.7.v20230425-1502\jre\bin\server

VM Arguments:
jvm_args: -XX:+ShowCodeDetailsInExceptionMessages -agentlib:jdwp=transport=dt_socket,suspend=y,address=localhost:60046 -javaagent:C:\Users\504\eclipse\jee-2023-03\eclipse\configuration\org.eclipse.osgi\424\0\.cp\lib\javaagent-shaded.jar -Dfile.encoding=UTF-8 
java_command: °úÁ¦.°úÁ¦2.¿¬»ê20¹®Á¦
java_class_path (initial): C:\Users\504\git\ezen_web_2023_A\backend\bin
Launcher Type: SUN_STANDARD

[Global flags]
     intx CICompilerCount                          = 4                                         {product} {ergonomic}
     uint ConcGCThreads                            = 2                                         {product} {ergonomic}
     uint G1ConcRefinementThreads                  = 8                                         {product} {ergonomic}
   size_t G1HeapRegionSize                         = 2097152                                   {product} {ergonomic}
    uintx GCDrainStackTargetSize                   = 64                                        {product} {ergonomic}
   size_t InitialHeapSize                          = 264241152                                 {product} {ergonomic}
   size_t MarkStackSize                            = 4194304                                   {product} {ergonomic}
   size_t MaxHeapSize                              = 4208984064                                {product} {ergonomic}
   size_t MaxNewSize                               = 2524971008                                {product} {ergonomic}
   size_t MinHeapDeltaBytes                        = 2097152                                   {product} {ergonomic}
   size_t MinHeapSize                              = 8388608                                   {product} {ergonomic}
    uintx NonNMethodCodeHeapSize                   = 5839372                                {pd product} {ergonomic}
    uintx NonProfiledCodeHeapSize                  = 122909434                              {pd product} {ergonomic}
    uintx ProfiledCodeHeapSize                     = 122909434                              {pd product} {ergonomic}
    uintx ReservedCodeCacheSize                    = 251658240                              {pd product} {ergonomic}
     bool SegmentedCodeCache                       = true                                      {product} {ergonomic}
     bool ShowCodeDetailsInExceptionMessages       = true                                   {manageable} {command line}
   size_t SoftMaxHeapSize                          = 4208984064                             {manageable} {ergonomic}
     bool UseCompressedClassPointers               = true                           {product lp64_product} {ergonomic}
     bool UseCompressedOops                        = true                           {product lp64_product} {ergonomic}
     bool UseG1GC                                  = true                                      {product} {ergonomic}
     bool UseLargePagesIndividualAllocation        = false                                  {pd product} {ergonomic}

Logging:
Log output configuration:
 #0: stdout all=warning uptime,level,tags
 #1: stderr all=off uptime,level,tags

Environment Variables:
PATH=C:\Users\504\.p2\pool\plugins\org.eclipse.justj.openjdk.hotspot.jre.full.win32.x86_64_17.0.7.v20230425-1502\jre\bin;C:/Users/504/.p2/pool/plugins/org.eclipse.justj.openjdk.hotspot.jre.full.win32.x86_64_17.0.7.v20230425-1502/jre/bin/server;C:/Users/504/.p2/pool/plugins/org.eclipse.justj.openjdk.hotspot.jre.full.win32.x86_64_17.0.7.v20230425-1502/jre/bin;C:\Program Files (x86)\Common Files\Oracle\Java\javapath;C:\WINDOWS\system32;C:\WINDOWS;C:\WINDOWS\System32\Wbem;C:\WINDOWS\System32\WindowsPowerShell\v1.0\;C:\WINDOWS\System32\OpenSSH\;C:\Program Files\Bandizip\;C:\Users\504\AppData\Local\Microsoft\WindowsApps;;C:\Users\504\AppData\Local\Programs\Microsoft VS Code\bin;C:\Users\504\eclipse\jee-2023-03\eclipse;
USERNAME=504
OS=Windows_NT
PROCESSOR_IDENTIFIER=Intel64 Family 6 Model 158 Stepping 13, GenuineIntel
TMP=C:\Users\504\AppData\Local\Temp
TEMP=C:\Users\504\AppData\Local\Temp



---------------  S Y S T E M  ---------------

OS:
 Windows 10 , 64 bit Build 19041 (10.0.19041.3155)
OS uptime: 1 days 8:34 hours

CPU: total 8 (initial active 8) (8 cores per cpu, 1 threads per core) family 6 model 158 stepping 13 microcode 0xb4, cx8, cmov, fxsr, mmx, 3dnowpref, sse, sse2, sse3, ssse3, sse4.1, sse4.2, popcnt, lzcnt, tsc, tscinvbit, avx, avx2, aes, erms, clmul, bmi1, bmi2, rtm, adx, fma, vzeroupper, clflush, clflushopt

Memory: 4k page, system-wide physical 16049M (5562M free)
TotalPageFile size 53401M (AvailPageFile size 4M)
current process WorkingSet (physical memory assigned to process): 49M, peak: 52M
current process commit charge ("private bytes"): 341M, peak: 344M

vm_info: OpenJDK 64-Bit Server VM (17.0.7+7) for windows-amd64 JRE (17.0.7+7), built on Apr 18 2023 22:10:42 by "temurin" with MS VC++ 16.7 (VS2019)

END.
