#
# There is insufficient memory for the Java Runtime Environment to continue.
# Native memory allocation (malloc) failed to allocate 98736 bytes for Chunk::new
# Possible reasons:
#   The system is out of physical RAM or swap space
#   The process is running with CompressedOops enabled, and the Java Heap may be blocking the growth of the native heap
# Possible solutions:
#   Reduce memory load on the system
#   Increase physical memory or swap space
#   Check if swap backing store is full
#   Decrease Java heap size (-Xmx/-Xms)
#   Decrease number of Java threads
#   Decrease Java thread stack sizes (-Xss)
#   Set larger code cache with -XX:ReservedCodeCacheSize=
#   JVM is running with Zero Based Compressed Oops mode in which the Java heap is
#     placed in the first 32GB address space. The Java Heap base address is the
#     maximum limit for the native heap growth. Please use -XX:HeapBaseMinAddress
#     to set the Java Heap base and to place the Java Heap above 32GB virtual address.
# This output file may be truncated or incomplete.
#
#  Out of Memory Error (arena.cpp:189), pid=3724, tid=17508
#
# JRE version: OpenJDK Runtime Environment Temurin-17.0.7+7 (17.0.7+7) (build 17.0.7+7)
# Java VM: OpenJDK 64-Bit Server VM Temurin-17.0.7+7 (17.0.7+7, mixed mode, tiered, compressed oops, compressed class ptrs, g1 gc, windows-amd64)
# No core dump will be written. Minidumps are not enabled by default on client versions of Windows
#

---------------  S U M M A R Y ------------

Command Line: -XX:+ShowCodeDetailsInExceptionMessages -agentlib:jdwp=transport=dt_socket,suspend=y,address=localhost:60045 -javaagent:C:\Users\504\eclipse\jee-2023-03\eclipse\configuration\org.eclipse.osgi\424\0\.cp\lib\javaagent-shaded.jar -Dfile.encoding=UTF-8 °úÁ¦.°úÁ¦2.¿¬»ê20¹®Á¦

Host: Intel(R) Core(TM) i7-9700 CPU @ 3.00GHz, 8 cores, 15G,  Windows 10 , 64 bit Build 19041 (10.0.19041.3155)
Time: Fri Jul 14 17:53:50 2023  Windows 10 , 64 bit Build 19041 (10.0.19041.3155) elapsed time: 3494.826912 seconds (0d 0h 58m 14s)

---------------  T H R E A D  ---------------

Current thread (0x00000171c7087cb0):  JavaThread "C2 CompilerThread0" daemon [_thread_in_native, id=17508, stack(0x00000026bba00000,0x00000026bbb00000)]


Current CompileTask:
C2:3494826  540       4       org.eclipse.jdt.launching.internal.org.objectweb.asm.ClassReader::readUtf (161 bytes)

Stack: [0x00000026bba00000,0x00000026bbb00000]
Native frames: (J=compiled Java code, j=interpreted, Vv=VM code, C=native code)
V  [jvm.dll+0x67754a]
V  [jvm.dll+0x834304]
V  [jvm.dll+0x835aae]
V  [jvm.dll+0x836113]
V  [jvm.dll+0x24696f]
V  [jvm.dll+0xac0ac]
V  [jvm.dll+0xac67c]
V  [jvm.dll+0x2adbef]
V  [jvm.dll+0x580067]
V  [jvm.dll+0x221e72]
V  [jvm.dll+0x21ad0f]
V  [jvm.dll+0x21895b]
V  [jvm.dll+0x1a4d8d]
V  [jvm.dll+0x2284da]
V  [jvm.dll+0x226615]
V  [jvm.dll+0x7ea90b]
V  [jvm.dll+0x7e4e7a]
V  [jvm.dll+0x676395]
C  [ucrtbase.dll+0x21bb2]
C  [KERNEL32.DLL+0x17614]
C  [ntdll.dll+0x526b1]


---------------  P R O C E S S  ---------------

Threads class SMR info:
_java_thread_list=0x00000171c78b01a0, length=15, elements={
0x00000171a45e8380, 0x00000171c702d410, 0x00000171c702e620, 0x00000171c7067ad0,
0x00000171c7068390, 0x00000171c7068d40, 0x00000171c70696f0, 0x00000171c7087cb0,
0x00000171c708a5c0, 0x00000171c708b6a0, 0x00000171c7208fd0, 0x00000171c734f410,
0x00000171c72d4130, 0x00000171c72d4620, 0x00000171c79d47d0
}

Java Threads: ( => current thread )
  0x00000171a45e8380 JavaThread "main" [_thread_in_native, id=11016, stack(0x00000026bad00000,0x00000026bae00000)]
  0x00000171c702d410 JavaThread "Reference Handler" daemon [_thread_blocked, id=17464, stack(0x00000026bb400000,0x00000026bb500000)]
  0x00000171c702e620 JavaThread "Finalizer" daemon [_thread_blocked, id=17468, stack(0x00000026bb500000,0x00000026bb600000)]
  0x00000171c7067ad0 JavaThread "Signal Dispatcher" daemon [_thread_blocked, id=17492, stack(0x00000026bb600000,0x00000026bb700000)]
  0x00000171c7068390 JavaThread "Attach Listener" daemon [_thread_blocked, id=17496, stack(0x00000026bb700000,0x00000026bb800000)]
  0x00000171c7068d40 JavaThread "Service Thread" daemon [_thread_blocked, id=17500, stack(0x00000026bb800000,0x00000026bb900000)]
  0x00000171c70696f0 JavaThread "Monitor Deflation Thread" daemon [_thread_blocked, id=17504, stack(0x00000026bb900000,0x00000026bba00000)]
=>0x00000171c7087cb0 JavaThread "C2 CompilerThread0" daemon [_thread_in_native, id=17508, stack(0x00000026bba00000,0x00000026bbb00000)]
  0x00000171c708a5c0 JavaThread "C1 CompilerThread0" daemon [_thread_blocked, id=17512, stack(0x00000026bbb00000,0x00000026bbc00000)]
  0x00000171c708b6a0 JavaThread "Sweeper thread" daemon [_thread_blocked, id=17516, stack(0x00000026bbc00000,0x00000026bbd00000)]
  0x00000171c7208fd0 JavaThread "Common-Cleaner" daemon [_thread_blocked, id=17636, stack(0x00000026bbd00000,0x00000026bbe00000)]
  0x00000171c734f410 JavaThread "JDWP Transport Listener: dt_socket" daemon [_thread_blocked, id=17652, stack(0x00000026bbe00000,0x00000026bbf00000)]
  0x00000171c72d4130 JavaThread "JDWP Event Helper Thread" daemon [_thread_blocked, id=17660, stack(0x00000026bbf00000,0x00000026bc000000)]
  0x00000171c72d4620 JavaThread "JDWP Command Reader" daemon [_thread_in_native, id=17668, stack(0x00000026bc000000,0x00000026bc100000)]
  0x00000171c79d47d0 JavaThread "Notification Thread" daemon [_thread_blocked, id=17708, stack(0x00000026bc200000,0x00000026bc300000)]

Other Threads:
  0x00000171c702b410 VMThread "VM Thread" [stack: 0x00000026bb300000,0x00000026bb400000] [id=17444]
  0x00000171a45e9330 WatcherThread [stack: 0x00000026bc300000,0x00000026bc400000] [id=17712]
  0x00000171a46520b0 GCTaskThread "GC Thread#0" [stack: 0x00000026bae00000,0x00000026baf00000] [id=12672]
  0x00000171a4662ac0 ConcurrentGCThread "G1 Main Marker" [stack: 0x00000026baf00000,0x00000026bb000000] [id=13164]
  0x00000171a4663db0 ConcurrentGCThread "G1 Conc#0" [stack: 0x00000026bb000000,0x00000026bb100000] [id=14692]
  0x00000171a46b6760 ConcurrentGCThread "G1 Refine#0" [stack: 0x00000026bb100000,0x00000026bb200000] [id=13032]
  0x00000171a46b7180 ConcurrentGCThread "G1 Service" [stack: 0x00000026bb200000,0x00000026bb300000] [id=15024]

Threads with active compile tasks:
C2 CompilerThread0  3494843  540       4       org.eclipse.jdt.launching.internal.org.objectweb.asm.ClassReader::readUtf (161 bytes)

VM state: not at safepoint (normal execution)

VM Mutex/Monitor currently owned by a thread: None

Heap address: 0x0000000705200000, size: 4014 MB, Compressed Oops mode: Zero based, Oop shift amount: 3

CDS archive(s) not mapped
Compressed class space mapped at: 0x0000000800000000-0x0000000840000000, reserved size: 1073741824
Narrow klass base: 0x0000000800000000, Narrow klass shift: 0, Narrow klass range: 0x40000000

GC Precious Log:
 CPUs: 8 total, 8 available
 Memory: 16049M
 Large Page Support: Disabled
 NUMA Support: Disabled
 Compressed Oops: Enabled (Zero based)
 Heap Region Size: 2M
 Heap Min Capacity: 8M
 Heap Initial Capacity: 252M
 Heap Max Capacity: 4014M
 Pre-touch: Disabled
 Parallel Workers: 8
 Concurrent Workers: 2
 Concurrent Refinement Workers: 8
 Periodic GC: Disabled

Heap:
 garbage-first heap   total 258048K, used 6144K [0x0000000705200000, 0x0000000800000000)
  region size 2048K, 4 young (8192K), 0 survivors (0K)
 Metaspace       used 10725K, committed 10880K, reserved 1114112K
  class space    used 926K, committed 1024K, reserved 1048576K

Heap Regions: E=young(eden), S=young(survivor), O=old, HS=humongous(starts), HC=humongous(continues), CS=collection set, F=free, OA=open archive, CA=closed archive, TAMS=top-at-mark-start (previous, next)
|   0|0x0000000705200000, 0x0000000705200000, 0x0000000705400000|  0%| F|  |TAMS 0x0000000705200000, 0x0000000705200000| Untracked 
|   1|0x0000000705400000, 0x0000000705400000, 0x0000000705600000|  0%| F|  |TAMS 0x0000000705400000, 0x0000000705400000| Untracked 
|   2|0x0000000705600000, 0x0000000705600000, 0x0000000705800000|  0%| F|  |TAMS 0x0000000705600000, 0x0000000705600000| Untracked 
|   3|0x0000000705800000, 0x0000000705800000, 0x0000000705a00000|  0%| F|  |TAMS 0x0000000705800000, 0x0000000705800000| Untracked 
|   4|0x0000000705a00000, 0x0000000705a00000, 0x0000000705c00000|  0%| F|  |TAMS 0x0000000705a00000, 0x0000000705a00000| Untracked 
|   5|0x0000000705c00000, 0x0000000705c00000, 0x0000000705e00000|  0%| F|  |TAMS 0x0000000705c00000, 0x0000000705c00000| Untracked 
|   6|0x0000000705e00000, 0x0000000705e00000, 0x0000000706000000|  0%| F|  |TAMS 0x0000000705e00000, 0x0000000705e00000| Untracked 
|   7|0x0000000706000000, 0x0000000706000000, 0x0000000706200000|  0%| F|  |TAMS 0x0000000706000000, 0x0000000706000000| Untracked 
|   8|0x0000000706200000, 0x0000000706200000, 0x0000000706400000|  0%| F|  |TAMS 0x0000000706200000, 0x0000000706200000| Untracked 
|   9|0x0000000706400000, 0x0000000706400000, 0x0000000706600000|  0%| F|  |TAMS 0x0000000706400000, 0x0000000706400000| Untracked 
|  10|0x0000000706600000, 0x0000000706600000, 0x0000000706800000|  0%| F|  |TAMS 0x0000000706600000, 0x0000000706600000| Untracked 
|  11|0x0000000706800000, 0x0000000706800000, 0x0000000706a00000|  0%| F|  |TAMS 0x0000000706800000, 0x0000000706800000| Untracked 
|  12|0x0000000706a00000, 0x0000000706a00000, 0x0000000706c00000|  0%| F|  |TAMS 0x0000000706a00000, 0x0000000706a00000| Untracked 
|  13|0x0000000706c00000, 0x0000000706c00000, 0x0000000706e00000|  0%| F|  |TAMS 0x0000000706c00000, 0x0000000706c00000| Untracked 
|  14|0x0000000706e00000, 0x0000000706e00000, 0x0000000707000000|  0%| F|  |TAMS 0x0000000706e00000, 0x0000000706e00000| Untracked 
|  15|0x0000000707000000, 0x0000000707000000, 0x0000000707200000|  0%| F|  |TAMS 0x0000000707000000, 0x0000000707000000| Untracked 
|  16|0x0000000707200000, 0x0000000707200000, 0x0000000707400000|  0%| F|  |TAMS 0x0000000707200000, 0x0000000707200000| Untracked 
|  17|0x0000000707400000, 0x0000000707400000, 0x0000000707600000|  0%| F|  |TAMS 0x0000000707400000, 0x0000000707400000| Untracked 
|  18|0x0000000707600000, 0x0000000707600000, 0x0000000707800000|  0%| F|  |TAMS 0x0000000707600000, 0x0000000707600000| Untracked 
|  19|0x0000000707800000, 0x0000000707800000, 0x0000000707a00000|  0%| F|  |TAMS 0x0000000707800000, 0x0000000707800000| Untracked 
|  20|0x0000000707a00000, 0x0000000707a00000, 0x0000000707c00000|  0%| F|  |TAMS 0x0000000707a00000, 0x0000000707a00000| Untracked 
|  21|0x0000000707c00000, 0x0000000707c00000, 0x0000000707e00000|  0%| F|  |TAMS 0x0000000707c00000, 0x0000000707c00000| Untracked 
|  22|0x0000000707e00000, 0x0000000707e00000, 0x0000000708000000|  0%| F|  |TAMS 0x0000000707e00000, 0x0000000707e00000| Untracked 
|  23|0x0000000708000000, 0x0000000708000000, 0x0000000708200000|  0%| F|  |TAMS 0x0000000708000000, 0x0000000708000000| Untracked 
|  24|0x0000000708200000, 0x0000000708200000, 0x0000000708400000|  0%| F|  |TAMS 0x0000000708200000, 0x0000000708200000| Untracked 
|  25|0x0000000708400000, 0x0000000708400000, 0x0000000708600000|  0%| F|  |TAMS 0x0000000708400000, 0x0000000708400000| Untracked 
|  26|0x0000000708600000, 0x0000000708600000, 0x0000000708800000|  0%| F|  |TAMS 0x0000000708600000, 0x0000000708600000| Untracked 
|  27|0x0000000708800000, 0x0000000708800000, 0x0000000708a00000|  0%| F|  |TAMS 0x0000000708800000, 0x0000000708800000| Untracked 
|  28|0x0000000708a00000, 0x0000000708a00000, 0x0000000708c00000|  0%| F|  |TAMS 0x0000000708a00000, 0x0000000708a00000| Untracked 
|  29|0x0000000708c00000, 0x0000000708c00000, 0x0000000708e00000|  0%| F|  |TAMS 0x0000000708c00000, 0x0000000708c00000| Untracked 
|  30|0x0000000708e00000, 0x0000000708e00000, 0x0000000709000000|  0%| F|  |TAMS 0x0000000708e00000, 0x0000000708e00000| Untracked 
|  31|0x0000000709000000, 0x0000000709000000, 0x0000000709200000|  0%| F|  |TAMS 0x0000000709000000, 0x0000000709000000| Untracked 
|  32|0x0000000709200000, 0x0000000709200000, 0x0000000709400000|  0%| F|  |TAMS 0x0000000709200000, 0x0000000709200000| Untracked 
|  33|0x0000000709400000, 0x0000000709400000, 0x0000000709600000|  0%| F|  |TAMS 0x0000000709400000, 0x0000000709400000| Untracked 
|  34|0x0000000709600000, 0x0000000709600000, 0x0000000709800000|  0%| F|  |TAMS 0x0000000709600000, 0x0000000709600000| Untracked 
|  35|0x0000000709800000, 0x0000000709800000, 0x0000000709a00000|  0%| F|  |TAMS 0x0000000709800000, 0x0000000709800000| Untracked 
|  36|0x0000000709a00000, 0x0000000709a00000, 0x0000000709c00000|  0%| F|  |TAMS 0x0000000709a00000, 0x0000000709a00000| Untracked 
|  37|0x0000000709c00000, 0x0000000709c00000, 0x0000000709e00000|  0%| F|  |TAMS 0x0000000709c00000, 0x0000000709c00000| Untracked 
|  38|0x0000000709e00000, 0x0000000709e00000, 0x000000070a000000|  0%| F|  |TAMS 0x0000000709e00000, 0x0000000709e00000| Untracked 
|  39|0x000000070a000000, 0x000000070a000000, 0x000000070a200000|  0%| F|  |TAMS 0x000000070a000000, 0x000000070a000000| Untracked 
|  40|0x000000070a200000, 0x000000070a200000, 0x000000070a400000|  0%| F|  |TAMS 0x000000070a200000, 0x000000070a200000| Untracked 
|  41|0x000000070a400000, 0x000000070a400000, 0x000000070a600000|  0%| F|  |TAMS 0x000000070a400000, 0x000000070a400000| Untracked 
|  42|0x000000070a600000, 0x000000070a600000, 0x000000070a800000|  0%| F|  |TAMS 0x000000070a600000, 0x000000070a600000| Untracked 
|  43|0x000000070a800000, 0x000000070a800000, 0x000000070aa00000|  0%| F|  |TAMS 0x000000070a800000, 0x000000070a800000| Untracked 
|  44|0x000000070aa00000, 0x000000070aa00000, 0x000000070ac00000|  0%| F|  |TAMS 0x000000070aa00000, 0x000000070aa00000| Untracked 
|  45|0x000000070ac00000, 0x000000070ac00000, 0x000000070ae00000|  0%| F|  |TAMS 0x000000070ac00000, 0x000000070ac00000| Untracked 
|  46|0x000000070ae00000, 0x000000070ae00000, 0x000000070b000000|  0%| F|  |TAMS 0x000000070ae00000, 0x000000070ae00000| Untracked 
|  47|0x000000070b000000, 0x000000070b000000, 0x000000070b200000|  0%| F|  |TAMS 0x000000070b000000, 0x000000070b000000| Untracked 
|  48|0x000000070b200000, 0x000000070b200000, 0x000000070b400000|  0%| F|  |TAMS 0x000000070b200000, 0x000000070b200000| Untracked 
|  49|0x000000070b400000, 0x000000070b400000, 0x000000070b600000|  0%| F|  |TAMS 0x000000070b400000, 0x000000070b400000| Untracked 
|  50|0x000000070b600000, 0x000000070b600000, 0x000000070b800000|  0%| F|  |TAMS 0x000000070b600000, 0x000000070b600000| Untracked 
|  51|0x000000070b800000, 0x000000070b800000, 0x000000070ba00000|  0%| F|  |TAMS 0x000000070b800000, 0x000000070b800000| Untracked 
|  52|0x000000070ba00000, 0x000000070ba00000, 0x000000070bc00000|  0%| F|  |TAMS 0x000000070ba00000, 0x000000070ba00000| Untracked 
|  53|0x000000070bc00000, 0x000000070bc00000, 0x000000070be00000|  0%| F|  |TAMS 0x000000070bc00000, 0x000000070bc00000| Untracked 
|  54|0x000000070be00000, 0x000000070be00000, 0x000000070c000000|  0%| F|  |TAMS 0x000000070be00000, 0x000000070be00000| Untracked 
|  55|0x000000070c000000, 0x000000070c000000, 0x000000070c200000|  0%| F|  |TAMS 0x000000070c000000, 0x000000070c000000| Untracked 
|  56|0x000000070c200000, 0x000000070c200000, 0x000000070c400000|  0%| F|  |TAMS 0x000000070c200000, 0x000000070c200000| Untracked 
|  57|0x000000070c400000, 0x000000070c400000, 0x000000070c600000|  0%| F|  |TAMS 0x000000070c400000, 0x000000070c400000| Untracked 
|  58|0x000000070c600000, 0x000000070c600000, 0x000000070c800000|  0%| F|  |TAMS 0x000000070c600000, 0x000000070c600000| Untracked 
|  59|0x000000070c800000, 0x000000070c800000, 0x000000070ca00000|  0%| F|  |TAMS 0x000000070c800000, 0x000000070c800000| Untracked 
|  60|0x000000070ca00000, 0x000000070ca00000, 0x000000070cc00000|  0%| F|  |TAMS 0x000000070ca00000, 0x000000070ca00000| Untracked 
|  61|0x000000070cc00000, 0x000000070cc00000, 0x000000070ce00000|  0%| F|  |TAMS 0x000000070cc00000, 0x000000070cc00000| Untracked 
|  62|0x000000070ce00000, 0x000000070ce00000, 0x000000070d000000|  0%| F|  |TAMS 0x000000070ce00000, 0x000000070ce00000| Untracked 
|  63|0x000000070d000000, 0x000000070d000000, 0x000000070d200000|  0%| F|  |TAMS 0x000000070d000000, 0x000000070d000000| Untracked 
|  64|0x000000070d200000, 0x000000070d200000, 0x000000070d400000|  0%| F|  |TAMS 0x000000070d200000, 0x000000070d200000| Untracked 
|  65|0x000000070d400000, 0x000000070d400000, 0x000000070d600000|  0%| F|  |TAMS 0x000000070d400000, 0x000000070d400000| Untracked 
|  66|0x000000070d600000, 0x000000070d600000, 0x000000070d800000|  0%| F|  |TAMS 0x000000070d600000, 0x000000070d600000| Untracked 
|  67|0x000000070d800000, 0x000000070d800000, 0x000000070da00000|  0%| F|  |TAMS 0x000000070d800000, 0x000000070d800000| Untracked 
|  68|0x000000070da00000, 0x000000070da00000, 0x000000070dc00000|  0%| F|  |TAMS 0x000000070da00000, 0x000000070da00000| Untracked 
|  69|0x000000070dc00000, 0x000000070dc00000, 0x000000070de00000|  0%| F|  |TAMS 0x000000070dc00000, 0x000000070dc00000| Untracked 
|  70|0x000000070de00000, 0x000000070de00000, 0x000000070e000000|  0%| F|  |TAMS 0x000000070de00000, 0x000000070de00000| Untracked 
|  71|0x000000070e000000, 0x000000070e000000, 0x000000070e200000|  0%| F|  |TAMS 0x000000070e000000, 0x000000070e000000| Untracked 
|  72|0x000000070e200000, 0x000000070e200000, 0x000000070e400000|  0%| F|  |TAMS 0x000000070e200000, 0x000000070e200000| Untracked 
|  73|0x000000070e400000, 0x000000070e400000, 0x000000070e600000|  0%| F|  |TAMS 0x000000070e400000, 0x000000070e400000| Untracked 
|  74|0x000000070e600000, 0x000000070e600000, 0x000000070e800000|  0%| F|  |TAMS 0x000000070e600000, 0x000000070e600000| Untracked 
|  75|0x000000070e800000, 0x000000070e800000, 0x000000070ea00000|  0%| F|  |TAMS 0x000000070e800000, 0x000000070e800000| Untracked 
|  76|0x000000070ea00000, 0x000000070ea00000, 0x000000070ec00000|  0%| F|  |TAMS 0x000000070ea00000, 0x000000070ea00000| Untracked 
|  77|0x000000070ec00000, 0x000000070ec00000, 0x000000070ee00000|  0%| F|  |TAMS 0x000000070ec00000, 0x000000070ec00000| Untracked 
|  78|0x000000070ee00000, 0x000000070ee00000, 0x000000070f000000|  0%| F|  |TAMS 0x000000070ee00000, 0x000000070ee00000| Untracked 
|  79|0x000000070f000000, 0x000000070f000000, 0x000000070f200000|  0%| F|  |TAMS 0x000000070f000000, 0x000000070f000000| Untracked 
|  80|0x000000070f200000, 0x000000070f200000, 0x000000070f400000|  0%| F|  |TAMS 0x000000070f200000, 0x000000070f200000| Untracked 
|  81|0x000000070f400000, 0x000000070f400000, 0x000000070f600000|  0%| F|  |TAMS 0x000000070f400000, 0x000000070f400000| Untracked 
|  82|0x000000070f600000, 0x000000070f600000, 0x000000070f800000|  0%| F|  |TAMS 0x000000070f600000, 0x000000070f600000| Untracked 
|  83|0x000000070f800000, 0x000000070f800000, 0x000000070fa00000|  0%| F|  |TAMS 0x000000070f800000, 0x000000070f800000| Untracked 
|  84|0x000000070fa00000, 0x000000070fa00000, 0x000000070fc00000|  0%| F|  |TAMS 0x000000070fa00000, 0x000000070fa00000| Untracked 
|  85|0x000000070fc00000, 0x000000070fc00000, 0x000000070fe00000|  0%| F|  |TAMS 0x000000070fc00000, 0x000000070fc00000| Untracked 
|  86|0x000000070fe00000, 0x000000070fe00000, 0x0000000710000000|  0%| F|  |TAMS 0x000000070fe00000, 0x000000070fe00000| Untracked 
|  87|0x0000000710000000, 0x0000000710000000, 0x0000000710200000|  0%| F|  |TAMS 0x0000000710000000, 0x0000000710000000| Untracked 
|  88|0x0000000710200000, 0x0000000710200000, 0x0000000710400000|  0%| F|  |TAMS 0x0000000710200000, 0x0000000710200000| Untracked 
|  89|0x0000000710400000, 0x0000000710400000, 0x0000000710600000|  0%| F|  |TAMS 0x0000000710400000, 0x0000000710400000| Untracked 
|  90|0x0000000710600000, 0x0000000710600000, 0x0000000710800000|  0%| F|  |TAMS 0x0000000710600000, 0x0000000710600000| Untracked 
|  91|0x0000000710800000, 0x0000000710800000, 0x0000000710a00000|  0%| F|  |TAMS 0x0000000710800000, 0x0000000710800000| Untracked 
|  92|0x0000000710a00000, 0x0000000710a00000, 0x0000000710c00000|  0%| F|  |TAMS 0x0000000710a00000, 0x0000000710a00000| Untracked 
|  93|0x0000000710c00000, 0x0000000710c00000, 0x0000000710e00000|  0%| F|  |TAMS 0x0000000710c00000, 0x0000000710c00000| Untracked 
|  94|0x0000000710e00000, 0x0000000710e00000, 0x0000000711000000|  0%| F|  |TAMS 0x0000000710e00000, 0x0000000710e00000| Untracked 
|  95|0x0000000711000000, 0x0000000711000000, 0x0000000711200000|  0%| F|  |TAMS 0x0000000711000000, 0x0000000711000000| Untracked 
|  96|0x0000000711200000, 0x0000000711200000, 0x0000000711400000|  0%| F|  |TAMS 0x0000000711200000, 0x0000000711200000| Untracked 
|  97|0x0000000711400000, 0x0000000711400000, 0x0000000711600000|  0%| F|  |TAMS 0x0000000711400000, 0x0000000711400000| Untracked 
|  98|0x0000000711600000, 0x0000000711600000, 0x0000000711800000|  0%| F|  |TAMS 0x0000000711600000, 0x0000000711600000| Untracked 
|  99|0x0000000711800000, 0x0000000711800000, 0x0000000711a00000|  0%| F|  |TAMS 0x0000000711800000, 0x0000000711800000| Untracked 
| 100|0x0000000711a00000, 0x0000000711a00000, 0x0000000711c00000|  0%| F|  |TAMS 0x0000000711a00000, 0x0000000711a00000| Untracked 
| 101|0x0000000711c00000, 0x0000000711c00000, 0x0000000711e00000|  0%| F|  |TAMS 0x0000000711c00000, 0x0000000711c00000| Untracked 
| 102|0x0000000711e00000, 0x0000000711e00000, 0x0000000712000000|  0%| F|  |TAMS 0x0000000711e00000, 0x0000000711e00000| Untracked 
| 103|0x0000000712000000, 0x0000000712000000, 0x0000000712200000|  0%| F|  |TAMS 0x0000000712000000, 0x0000000712000000| Untracked 
| 104|0x0000000712200000, 0x0000000712200000, 0x0000000712400000|  0%| F|  |TAMS 0x0000000712200000, 0x0000000712200000| Untracked 
| 105|0x0000000712400000, 0x0000000712400000, 0x0000000712600000|  0%| F|  |TAMS 0x0000000712400000, 0x0000000712400000| Untracked 
| 106|0x0000000712600000, 0x0000000712600000, 0x0000000712800000|  0%| F|  |TAMS 0x0000000712600000, 0x0000000712600000| Untracked 
| 107|0x0000000712800000, 0x0000000712800000, 0x0000000712a00000|  0%| F|  |TAMS 0x0000000712800000, 0x0000000712800000| Untracked 
| 108|0x0000000712a00000, 0x0000000712a00000, 0x0000000712c00000|  0%| F|  |TAMS 0x0000000712a00000, 0x0000000712a00000| Untracked 
| 109|0x0000000712c00000, 0x0000000712c00000, 0x0000000712e00000|  0%| F|  |TAMS 0x0000000712c00000, 0x0000000712c00000| Untracked 
| 110|0x0000000712e00000, 0x0000000712e00000, 0x0000000713000000|  0%| F|  |TAMS 0x0000000712e00000, 0x0000000712e00000| Untracked 
| 111|0x0000000713000000, 0x0000000713000000, 0x0000000713200000|  0%| F|  |TAMS 0x0000000713000000, 0x0000000713000000| Untracked 
| 112|0x0000000713200000, 0x0000000713200000, 0x0000000713400000|  0%| F|  |TAMS 0x0000000713200000, 0x0000000713200000| Untracked 
| 113|0x0000000713400000, 0x0000000713400000, 0x0000000713600000|  0%| F|  |TAMS 0x0000000713400000, 0x0000000713400000| Untracked 
| 114|0x0000000713600000, 0x0000000713600000, 0x0000000713800000|  0%| F|  |TAMS 0x0000000713600000, 0x0000000713600000| Untracked 
| 115|0x0000000713800000, 0x0000000713800000, 0x0000000713a00000|  0%| F|  |TAMS 0x0000000713800000, 0x0000000713800000| Untracked 
| 116|0x0000000713a00000, 0x0000000713a00000, 0x0000000713c00000|  0%| F|  |TAMS 0x0000000713a00000, 0x0000000713a00000| Untracked 
| 117|0x0000000713c00000, 0x0000000713c00000, 0x0000000713e00000|  0%| F|  |TAMS 0x0000000713c00000, 0x0000000713c00000| Untracked 
| 118|0x0000000713e00000, 0x0000000713e00000, 0x0000000714000000|  0%| F|  |TAMS 0x0000000713e00000, 0x0000000713e00000| Untracked 
| 119|0x0000000714000000, 0x0000000714000000, 0x0000000714200000|  0%| F|  |TAMS 0x0000000714000000, 0x0000000714000000| Untracked 
| 120|0x0000000714200000, 0x0000000714200000, 0x0000000714400000|  0%| F|  |TAMS 0x0000000714200000, 0x0000000714200000| Untracked 
| 121|0x0000000714400000, 0x0000000714400000, 0x0000000714600000|  0%| F|  |TAMS 0x0000000714400000, 0x0000000714400000| Untracked 
| 122|0x0000000714600000, 0x00000007147cef98, 0x0000000714800000| 90%| E|  |TAMS 0x0000000714600000, 0x0000000714600000| Complete 
| 123|0x0000000714800000, 0x0000000714a00000, 0x0000000714a00000|100%| E|CS|TAMS 0x0000000714800000, 0x0000000714800000| Complete 
| 124|0x0000000714a00000, 0x0000000714c00000, 0x0000000714c00000|100%| E|CS|TAMS 0x0000000714a00000, 0x0000000714a00000| Complete 
| 125|0x0000000714c00000, 0x0000000714e00000, 0x0000000714e00000|100%| E|CS|TAMS 0x0000000714c00000, 0x0000000714c00000| Complete 

Card table byte_map: [0x00000171b77d0000,0x00000171b7fb0000] _byte_map_base: 0x00000171b3fa7000

Marking Bits (Prev, Next): (CMBitMap*) 0x00000171a46526c0, (CMBitMap*) 0x00000171a4652700
 Prev Bits: [0x00000171b8790000, 0x00000171bc648000)
 Next Bits: [0x00000171bc650000, 0x00000171c0508000)

Polling page: 0x00000171a25c0000

Metaspace:

Usage:
  Non-class:      9.57 MB used.
      Class:    926.89 KB used.
       Both:     10.47 MB used.

Virtual space:
  Non-class space:       64.00 MB reserved,       9.62 MB ( 15%) committed,  1 nodes.
      Class space:        1.00 GB reserved,       1.00 MB ( <1%) committed,  1 nodes.
             Both:        1.06 GB reserved,      10.62 MB ( <1%) committed. 

Chunk freelists:
   Non-Class:  6.20 MB
       Class:  14.97 MB
        Both:  21.17 MB

MaxMetaspaceSize: unlimited
CompressedClassSpaceSize: 1.00 GB
Initial GC threshold: 21.00 MB
Current GC threshold: 21.00 MB
CDS: off
MetaspaceReclaimPolicy: balanced
 - commit_granule_bytes: 65536.
 - commit_granule_words: 8192.
 - virtual_space_node_default_size: 8388608.
 - enlarge_chunks_in_place: 1.
 - new_chunks_are_fully_committed: 0.
 - uncommit_free_chunks: 1.
 - use_allocation_guard: 0.
 - handle_deallocations: 1.


Internal statistics:

num_allocs_failed_limit: 0.
num_arena_births: 10.
num_arena_deaths: 0.
num_vsnodes_births: 2.
num_vsnodes_deaths: 0.
num_space_committed: 170.
num_space_uncommitted: 0.
num_chunks_returned_to_freelist: 0.
num_chunks_taken_from_freelist: 55.
num_chunk_merges: 0.
num_chunk_splits: 27.
num_chunks_enlarged: 17.
num_inconsistent_stats: 0.

CodeHeap 'non-profiled nmethods': size=120000Kb used=159Kb max_used=159Kb free=119840Kb
 bounds [0x00000171af780000, 0x00000171af9f0000, 0x00000171b6cb0000]
CodeHeap 'profiled nmethods': size=120000Kb used=746Kb max_used=746Kb free=119253Kb
 bounds [0x00000171a7cb0000, 0x00000171a7f20000, 0x00000171af1e0000]
CodeHeap 'non-nmethods': size=5760Kb used=1217Kb max_used=1234Kb free=4543Kb
 bounds [0x00000171af1e0000, 0x00000171af450000, 0x00000171af780000]
 total_blobs=946 nmethods=508 adapters=351
 compilation: enabled
              stopped_count=0, restarted_count=0
 full_count=0

Compilation events (20 events):
Event: 3200.570 Thread 0x00000171c7087cb0  530       4       java.lang.StringUTF16::charAt (11 bytes)
Event: 3200.572 Thread 0x00000171c708a5c0 

Event: 3200.572 Thread 0x00000171c7087cb0 

Event: 3210.220 Thread 0x00000171c7087cb0  532       4       java.lang.StringUTF16::compress (50 bytes)
Event: 3210.225 Thread 0x00000171c7087cb0 

Event: 3213.271 Thread 0x00000171c7087cb0  533       4       java.lang.String::hashCode (60 bytes)
Event: 3213.276 Thread 0x00000171c7087cb0 

Event: 3255.163 Thread 0x00000171c708a5c0  534       3       java.lang.AbstractStringBuilder::inflate (42 bytes)
Event: 3255.165 Thread 0x00000171c708a5c0 

Event: 3272.214 Thread 0x00000171c708a5c0  537       3       java.lang.StringUTF16::newBytesFor (61 bytes)
Event: 3272.214 Thread 0x00000171c7087cb0  538       4       java.lang.StringUTF16::charAt (11 bytes)
Event: 3272.215 Thread 0x00000171c708a5c0 

Event: 3272.215 Thread 0x00000171c708a5c0  535       3       org.eclipse.jdt.launching.internal.org.objectweb.asm.SymbolTable::addConstantMemberReference (29 bytes)
Event: 3272.216 Thread 0x00000171c708a5c0 nmethod 535 0x00000171a7d69b10 code [0x00000171a7d69d00, 0x00000171a7d6a0c8]
Event: 3272.216 Thread 0x00000171c708a5c0  536       3       org.eclipse.jdt.launching.internal.org.objectweb.asm.SymbolTable$Entry::<init> (20 bytes)
Event: 3272.216 Thread 0x00000171c7087cb0 

Event: 3272.216 Thread 0x00000171c708a5c0 nmethod 536 0x00000171a7d6a390 code [0x00000171a7d6a520, 0x00000171a7d6a6c8]
Event: 3480.538 Thread 0x00000171c708a5c0  539       3       org.eclipse.jdt.launching.internal.org.objectweb.asm.SymbolTable$Entry::<init> (18 bytes)
Event: 3480.538 Thread 0x00000171c708a5c0 nmethod 539 0x00000171a7d6a790 code [0x00000171a7d6a940, 0x00000171a7d6aae8]
Event: 3494.819 Thread 0x00000171c7087cb0  540       4       org.eclipse.jdt.launching.internal.org.objectweb.asm.ClassReader::readUtf (161 bytes)

GC Heap History (0 events):
No events

Dll operation events (8 events):
Event: 0.007 Loaded shared library C:\Users\504\.p2\pool\plugins\org.eclipse.justj.openjdk.hotspot.jre.full.win32.x86_64_17.0.7.v20230425-1502\jre\bin\java.dll
Event: 0.204 Loaded shared library C:\Users\504\.p2\pool\plugins\org.eclipse.justj.openjdk.hotspot.jre.full.win32.x86_64_17.0.7.v20230425-1502\jre\bin\zip.dll
Event: 0.208 Loaded shared library C:\Users\504\.p2\pool\plugins\org.eclipse.justj.openjdk.hotspot.jre.full.win32.x86_64_17.0.7.v20230425-1502\jre\bin\instrument.dll
Event: 0.217 Loaded shared library C:\Users\504\.p2\pool\plugins\org.eclipse.justj.openjdk.hotspot.jre.full.win32.x86_64_17.0.7.v20230425-1502\jre\bin\net.dll
Event: 0.217 Loaded shared library C:\Users\504\.p2\pool\plugins\org.eclipse.justj.openjdk.hotspot.jre.full.win32.x86_64_17.0.7.v20230425-1502\jre\bin\nio.dll
Event: 0.222 Loaded shared library C:\Users\504\.p2\pool\plugins\org.eclipse.justj.openjdk.hotspot.jre.full.win32.x86_64_17.0.7.v20230425-1502\jre\bin\zip.dll
Event: 0.279 Loaded shared library C:\Users\504\.p2\pool\plugins\org.eclipse.justj.openjdk.hotspot.jre.full.win32.x86_64_17.0.7.v20230425-1502\jre\bin\jimage.dll
Event: 0.307 Loaded shared library C:\Users\504\.p2\pool\plugins\org.eclipse.justj.openjdk.hotspot.jre.full.win32.x86_64_17.0.7.v20230425-1502\jre\bin\verify.dll

Deoptimization events (20 events):
Event: 0.318 Thread 0x00000171a45e8380 DEOPT PACKING pc=0x00000171a7d38e54 sp=0x00000026badfbde0
Event: 0.318 Thread 0x00000171a45e8380 DEOPT UNPACKING pc=0x00000171af237143 sp=0x00000026badfb248 mode 0
Event: 0.318 Thread 0x00000171a45e8380 DEOPT PACKING pc=0x00000171a7d38e54 sp=0x00000026badfbde0
Event: 0.318 Thread 0x00000171a45e8380 DEOPT UNPACKING pc=0x00000171af237143 sp=0x00000026badfb248 mode 0
Event: 0.320 Thread 0x00000171a45e8380 DEOPT PACKING pc=0x00000171a7d38e54 sp=0x00000026badfbd10
Event: 0.320 Thread 0x00000171a45e8380 DEOPT UNPACKING pc=0x00000171af237143 sp=0x00000026badfb178 mode 0
Event: 0.324 Thread 0x00000171a45e8380 DEOPT PACKING pc=0x00000171a7d38e54 sp=0x00000026badf7f60
Event: 0.324 Thread 0x00000171a45e8380 DEOPT UNPACKING pc=0x00000171af237143 sp=0x00000026badf73c8 mode 0
Event: 0.324 Thread 0x00000171a45e8380 DEOPT PACKING pc=0x00000171a7d38e54 sp=0x00000026badf7f60
Event: 0.324 Thread 0x00000171a45e8380 DEOPT UNPACKING pc=0x00000171af237143 sp=0x00000026badf73c8 mode 0
Event: 0.324 Thread 0x00000171a45e8380 DEOPT PACKING pc=0x00000171a7d38e54 sp=0x00000026badf7f60
Event: 0.324 Thread 0x00000171a45e8380 DEOPT UNPACKING pc=0x00000171af237143 sp=0x00000026badf73c8 mode 0
Event: 0.326 Thread 0x00000171a45e8380 Uncommon trap: trap_request=0xffffff45 fr.pc=0x00000171af78a420 relative=0x00000000000001a0
Event: 0.326 Thread 0x00000171a45e8380 Uncommon trap: reason=unstable_if action=reinterpret pc=0x00000171af78a420 method=java.lang.String.equals(Ljava/lang/Object;)Z @ 33 c2
Event: 0.326 Thread 0x00000171a45e8380 DEOPT PACKING pc=0x00000171af78a420 sp=0x00000026badff6d0
Event: 0.326 Thread 0x00000171a45e8380 DEOPT UNPACKING pc=0x00000171af2369a3 sp=0x00000026badff670 mode 2
Event: 0.344 Thread 0x00000171a45e8380 Uncommon trap: trap_request=0xffffff45 fr.pc=0x00000171af792d48 relative=0x0000000000000048
Event: 0.344 Thread 0x00000171a45e8380 Uncommon trap: reason=unstable_if action=reinterpret pc=0x00000171af792d48 method=java.lang.CharacterData.of(I)Ljava/lang/CharacterData; @ 4 c2
Event: 0.344 Thread 0x00000171a45e8380 DEOPT PACKING pc=0x00000171af792d48 sp=0x00000026badfebe0
Event: 0.344 Thread 0x00000171a45e8380 DEOPT UNPACKING pc=0x00000171af2369a3 sp=0x00000026badfeb80 mode 2

Classes unloaded (0 events):
No events

Classes redefined (20 events):
Event: 1993.410 Thread 0x00000171c702b410 redefined class name=ê³¼ì œ.ê³¼ì œ2.ì—°ì‚°20ë¬¸ì œ, count=26
Event: 2154.454 Thread 0x00000171c702b410 redefined class name=ê³¼ì œ.ê³¼ì œ2.ì—°ì‚°20ë¬¸ì œ, count=27
Event: 2164.716 Thread 0x00000171c702b410 redefined class name=ê³¼ì œ.ê³¼ì œ2.ì—°ì‚°20ë¬¸ì œ, count=28
Event: 2188.472 Thread 0x00000171c702b410 redefined class name=ê³¼ì œ.ê³¼ì œ2.ì—°ì‚°20ë¬¸ì œ, count=29
Event: 2207.377 Thread 0x00000171c702b410 redefined class name=ê³¼ì œ.ê³¼ì œ2.ì—°ì‚°20ë¬¸ì œ, count=30
Event: 2226.359 Thread 0x00000171c702b410 redefined class name=ê³¼ì œ.ê³¼ì œ2.ì—°ì‚°20ë¬¸ì œ, count=31
Event: 2288.061 Thread 0x00000171c702b410 redefined class name=ê³¼ì œ.ê³¼ì œ2.ì—°ì‚°20ë¬¸ì œ, count=32
Event: 2442.260 Thread 0x00000171c702b410 redefined class name=ê³¼ì œ.ê³¼ì œ2.ì—°ì‚°20ë¬¸ì œ, count=33
Event: 2482.778 Thread 0x00000171c702b410 redefined class name=ê³¼ì œ.ê³¼ì œ2.ì—°ì‚°20ë¬¸ì œ, count=34
Event: 2859.762 Thread 0x00000171c702b410 redefined class name=ê³¼ì œ.ê³¼ì œ2.ì—°ì‚°20ë¬¸ì œ, count=35
Event: 2896.460 Thread 0x00000171c702b410 redefined class name=ê³¼ì œ.ê³¼ì œ2.ì—°ì‚°20ë¬¸ì œ, count=36
Event: 3154.975 Thread 0x00000171c702b410 redefined class name=ê³¼ì œ.ê³¼ì œ2.ì—°ì‚°20ë¬¸ì œ, count=37
Event: 3200.570 Thread 0x00000171c702b410 redefined class name=ê³¼ì œ.ê³¼ì œ2.ì—°ì‚°20ë¬¸ì œ, count=38
Event: 3210.221 Thread 0x00000171c702b410 redefined class name=ê³¼ì œ.ê³¼ì œ2.ì—°ì‚°20ë¬¸ì œ, count=39
Event: 3213.272 Thread 0x00000171c702b410 redefined class name=ê³¼ì œ.ê³¼ì œ2.ì—°ì‚°20ë¬¸ì œ, count=40
Event: 3229.466 Thread 0x00000171c702b410 redefined class name=ê³¼ì œ.ê³¼ì œ2.ì—°ì‚°20ë¬¸ì œ, count=41
Event: 3255.163 Thread 0x00000171c702b410 redefined class name=ê³¼ì œ.ê³¼ì œ2.ì—°ì‚°20ë¬¸ì œ, count=42
Event: 3272.214 Thread 0x00000171c702b410 redefined class name=ê³¼ì œ.ê³¼ì œ2.ì—°ì‚°20ë¬¸ì œ, count=43
Event: 3480.539 Thread 0x00000171c702b410 redefined class name=ê³¼ì œ.ê³¼ì œ2.ì—°ì‚°20ë¬¸ì œ, count=44
Event: 3494.819 Thread 0x00000171c702b410 redefined class name=ê³¼ì œ.ê³¼ì œ2.ì—°ì‚°20ë¬¸ì œ, count=45

Internal exceptions (0 events):
No events

VM Operations (20 events):
Event: 2896.460 Executing VM operation: RedefineClasses
Event: 2896.461 Executing VM operation: RedefineClasses done
Event: 3154.974 Executing VM operation: RedefineClasses
Event: 3154.976 Executing VM operation: RedefineClasses done
Event: 3200.570 Executing VM operation: RedefineClasses
Event: 3200.571 Executing VM operation: RedefineClasses done
Event: 3210.220 Executing VM operation: RedefineClasses
Event: 3210.222 Executing VM operation: RedefineClasses done
Event: 3213.271 Executing VM operation: RedefineClasses
Event: 3213.273 Executing VM operation: RedefineClasses done
Event: 3229.465 Executing VM operation: RedefineClasses
Event: 3229.467 Executing VM operation: RedefineClasses done
Event: 3255.163 Executing VM operation: RedefineClasses
Event: 3255.165 Executing VM operation: RedefineClasses done
Event: 3272.214 Executing VM operation: RedefineClasses
Event: 3272.215 Executing VM operation: RedefineClasses done
Event: 3480.538 Executing VM operation: RedefineClasses
Event: 3480.540 Executing VM operation: RedefineClasses done
Event: 3494.819 Executing VM operation: RedefineClasses
Event: 3494.820 Executing VM operation: RedefineClasses done

Events (20 events):
Event: 0.343 loading class java/util/stream/Sink$OfInt done
Event: 0.343 loading class java/util/stream/FindOps$FindSink$OfInt done
Event: 0.343 loading class java/util/OptionalInt
Event: 0.343 loading class java/util/OptionalInt done
Event: 0.344 loading class java/util/stream/IntPipeline$10$1
Event: 0.344 loading class java/util/stream/Sink$ChainedInt
Event: 0.344 loading class java/util/stream/Sink$ChainedInt done
Event: 0.344 loading class java/util/stream/IntPipeline$10$1 done
Event: 0.344 loading class java/lang/StringUTF16$CharsSpliterator
Event: 0.344 loading class java/lang/StringUTF16$CharsSpliterator done
Event: 0.344 loading class java/lang/CharacterData00
Event: 0.344 loading class java/lang/CharacterData00 done
Event: 0.345 loading class java/text/DecimalFormat
Event: 0.345 loading class java/text/DecimalFormat done
Event: 0.345 loading class java/text/FieldPosition
Event: 0.345 loading class java/text/FieldPosition done
Event: 0.345 loading class java/text/DigitList
Event: 0.345 loading class java/text/DigitList done
Event: 0.345 loading class java/math/RoundingMode
Event: 0.346 loading class java/math/RoundingMode done


Dynamic libraries:
0x00007ff71ce50000 - 0x00007ff71ce5e000 	C:\Users\504\.p2\pool\plugins\org.eclipse.justj.openjdk.hotspot.jre.full.win32.x86_64_17.0.7.v20230425-1502\jre\bin\javaw.exe
0x00007ffe25b10000 - 0x00007ffe25d08000 	C:\WINDOWS\SYSTEM32\ntdll.dll
0x00007ffe255d0000 - 0x00007ffe2568f000 	C:\WINDOWS\System32\KERNEL32.DLL
0x00007ffe23570000 - 0x00007ffe23866000 	C:\WINDOWS\System32\KERNELBASE.dll
0x00007ffe231f0000 - 0x00007ffe232f0000 	C:\WINDOWS\System32\ucrtbase.dll
0x00007ffe08ee0000 - 0x00007ffe08ef7000 	C:\Users\504\.p2\pool\plugins\org.eclipse.justj.openjdk.hotspot.jre.full.win32.x86_64_17.0.7.v20230425-1502\jre\bin\jli.dll
0x00007ffe24ea0000 - 0x00007ffe2503d000 	C:\WINDOWS\System32\USER32.dll
0x00007ffe23870000 - 0x00007ffe23892000 	C:\WINDOWS\System32\win32u.dll
0x00007ffe23c20000 - 0x00007ffe23c4c000 	C:\WINDOWS\System32\GDI32.dll
0x00007ffe233b0000 - 0x00007ffe234c5000 	C:\WINDOWS\System32\gdi32full.dll
0x00007ffe234d0000 - 0x00007ffe2356d000 	C:\WINDOWS\System32\msvcp_win.dll
0x00007ffe137a0000 - 0x00007ffe137b9000 	C:\Users\504\.p2\pool\plugins\org.eclipse.justj.openjdk.hotspot.jre.full.win32.x86_64_17.0.7.v20230425-1502\jre\bin\VCRUNTIME140.dll
0x00007ffe10500000 - 0x00007ffe1079a000 	C:\WINDOWS\WinSxS\amd64_microsoft.windows.common-controls_6595b64144ccf1df_6.0.19041.1110_none_60b5254171f9507e\COMCTL32.dll
0x00007ffe240c0000 - 0x00007ffe2415e000 	C:\WINDOWS\System32\msvcrt.dll
0x00007ffe23cf0000 - 0x00007ffe23d20000 	C:\WINDOWS\System32\IMM32.DLL
0x00007ffe1b6b0000 - 0x00007ffe1b6bc000 	C:\Users\504\.p2\pool\plugins\org.eclipse.justj.openjdk.hotspot.jre.full.win32.x86_64_17.0.7.v20230425-1502\jre\bin\vcruntime140_1.dll
0x00007ffdf34d0000 - 0x00007ffdf3561000 	C:\Users\504\.p2\pool\plugins\org.eclipse.justj.openjdk.hotspot.jre.full.win32.x86_64_17.0.7.v20230425-1502\jre\bin\msvcp140.dll
0x00007ffdcecd0000 - 0x00007ffdcf918000 	C:\Users\504\.p2\pool\plugins\org.eclipse.justj.openjdk.hotspot.jre.full.win32.x86_64_17.0.7.v20230425-1502\jre\bin\server\jvm.dll
0x00007ffe25040000 - 0x00007ffe250ef000 	C:\WINDOWS\System32\ADVAPI32.dll
0x00007ffe23c50000 - 0x00007ffe23cec000 	C:\WINDOWS\System32\sechost.dll
0x00007ffe256f0000 - 0x00007ffe25816000 	C:\WINDOWS\System32\RPCRT4.dll
0x00007ffe17170000 - 0x00007ffe17179000 	C:\WINDOWS\SYSTEM32\WSOCK32.dll
0x00007ffe24ad0000 - 0x00007ffe24b3b000 	C:\WINDOWS\System32\WS2_32.dll
0x00007ffe11940000 - 0x00007ffe11967000 	C:\WINDOWS\SYSTEM32\WINMM.dll
0x00007ffe1daa0000 - 0x00007ffe1daaa000 	C:\WINDOWS\SYSTEM32\VERSION.dll
0x00007ffe210c0000 - 0x00007ffe210d2000 	C:\WINDOWS\SYSTEM32\kernel.appcore.dll
0x00007ffe03b10000 - 0x00007ffe03b1a000 	C:\Users\504\.p2\pool\plugins\org.eclipse.justj.openjdk.hotspot.jre.full.win32.x86_64_17.0.7.v20230425-1502\jre\bin\jimage.dll
0x00007ffe110b0000 - 0x00007ffe11294000 	C:\WINDOWS\SYSTEM32\DBGHELP.DLL
0x00007ffe11030000 - 0x00007ffe11064000 	C:\WINDOWS\SYSTEM32\dbgcore.DLL
0x00007ffe238d0000 - 0x00007ffe23952000 	C:\WINDOWS\System32\bcryptPrimitives.dll
0x00007ffe03f50000 - 0x00007ffe03f8b000 	C:\Users\504\.p2\pool\plugins\org.eclipse.justj.openjdk.hotspot.jre.full.win32.x86_64_17.0.7.v20230425-1502\jre\bin\jdwp.dll
0x00007ffe19f90000 - 0x00007ffe19f9e000 	C:\Users\504\.p2\pool\plugins\org.eclipse.justj.openjdk.hotspot.jre.full.win32.x86_64_17.0.7.v20230425-1502\jre\bin\instrument.dll
0x00007ffdf7430000 - 0x00007ffdf7455000 	C:\Users\504\.p2\pool\plugins\org.eclipse.justj.openjdk.hotspot.jre.full.win32.x86_64_17.0.7.v20230425-1502\jre\bin\java.dll
0x00007ffdf5dc0000 - 0x00007ffdf5dd8000 	C:\Users\504\.p2\pool\plugins\org.eclipse.justj.openjdk.hotspot.jre.full.win32.x86_64_17.0.7.v20230425-1502\jre\bin\zip.dll
0x00007ffe24290000 - 0x00007ffe249d4000 	C:\WINDOWS\System32\SHELL32.dll
0x00007ffe212c0000 - 0x00007ffe21a54000 	C:\WINDOWS\SYSTEM32\windows.storage.dll
0x00007ffe24b40000 - 0x00007ffe24e94000 	C:\WINDOWS\System32\combase.dll
0x00007ffe22b60000 - 0x00007ffe22b8e000 	C:\WINDOWS\SYSTEM32\Wldp.dll
0x00007ffe23fb0000 - 0x00007ffe2405d000 	C:\WINDOWS\System32\SHCORE.dll
0x00007ffe25690000 - 0x00007ffe256e5000 	C:\WINDOWS\System32\shlwapi.dll
0x00007ffe23120000 - 0x00007ffe23145000 	C:\WINDOWS\SYSTEM32\profapi.dll
0x00007ffe171a0000 - 0x00007ffe171ac000 	C:\Users\504\.p2\pool\plugins\org.eclipse.justj.openjdk.hotspot.jre.full.win32.x86_64_17.0.7.v20230425-1502\jre\bin\dt_socket.dll
0x00007ffe225b0000 - 0x00007ffe225ec000 	C:\WINDOWS\SYSTEM32\IPHLPAPI.DLL
0x00007ffe228c0000 - 0x00007ffe2292a000 	C:\WINDOWS\system32\mswsock.dll
0x00007ffe225f0000 - 0x00007ffe226ba000 	C:\WINDOWS\SYSTEM32\DNSAPI.dll
0x00007ffe250f0000 - 0x00007ffe250f8000 	C:\WINDOWS\System32\NSI.dll
0x00007ffe1b900000 - 0x00007ffe1b90a000 	C:\Windows\System32\rasadhlp.dll
0x00007ffe1a790000 - 0x00007ffe1a812000 	C:\WINDOWS\System32\fwpuclnt.dll
0x00007ffe238a0000 - 0x00007ffe238c7000 	C:\WINDOWS\System32\bcrypt.dll
0x00007ffdf5780000 - 0x00007ffdf5799000 	C:\Users\504\.p2\pool\plugins\org.eclipse.justj.openjdk.hotspot.jre.full.win32.x86_64_17.0.7.v20230425-1502\jre\bin\net.dll
0x00007ffe1d060000 - 0x00007ffe1d16a000 	C:\WINDOWS\SYSTEM32\WINHTTP.dll
0x00007ffdf54a0000 - 0x00007ffdf54b5000 	C:\Users\504\.p2\pool\plugins\org.eclipse.justj.openjdk.hotspot.jre.full.win32.x86_64_17.0.7.v20230425-1502\jre\bin\nio.dll
0x00007ffe1db70000 - 0x00007ffe1db80000 	C:\Users\504\.p2\pool\plugins\org.eclipse.justj.openjdk.hotspot.jre.full.win32.x86_64_17.0.7.v20230425-1502\jre\bin\verify.dll

dbghelp: loaded successfully - version: 4.0.5 - missing functions: none
symbol engine: initialized successfully - sym options: 0x614 - pdb path: .;C:\Users\504\.p2\pool\plugins\org.eclipse.justj.openjdk.hotspot.jre.full.win32.x86_64_17.0.7.v20230425-1502\jre\bin;C:\WINDOWS\SYSTEM32;C:\WINDOWS\WinSxS\amd64_microsoft.windows.common-controls_6595b64144ccf1df_6.0.19041.1110_none_60b5254171f9507e;C:\Users\504\.p2\pool\plugins\org.eclipse.justj.openjdk.hotspot.jre.full.win32.x86_64_17.0.7.v20230425-1502\jre\bin\server

VM Arguments:
jvm_args: -XX:+ShowCodeDetailsInExceptionMessages -agentlib:jdwp=transport=dt_socket,suspend=y,address=localhost:60045 -javaagent:C:\Users\504\eclipse\jee-2023-03\eclipse\configuration\org.eclipse.osgi\424\0\.cp\lib\javaagent-shaded.jar -Dfile.encoding=UTF-8 
java_command: °úÁ¦.°úÁ¦2.¿¬»ê20¹®Á¦
java_class_path (initial): C:\Users\504\git\ezen_web_2023_A\backend\bin
Launcher Type: SUN_STANDARD

[Global flags]
     intx CICompilerCount                          = 4                                         {product} {ergonomic}
     uint ConcGCThreads                            = 2                                         {product} {ergonomic}
     uint G1ConcRefinementThreads                  = 8                                         {product} {ergonomic}
   size_t G1HeapRegionSize                         = 2097152                                   {product} {ergonomic}
    uintx GCDrainStackTargetSize                   = 64                                        {product} {ergonomic}
   size_t InitialHeapSize                          = 264241152                                 {product} {ergonomic}
   size_t MarkStackSize                            = 4194304                                   {product} {ergonomic}
   size_t MaxHeapSize                              = 4208984064                                {product} {ergonomic}
   size_t MaxNewSize                               = 2524971008                                {product} {ergonomic}
   size_t MinHeapDeltaBytes                        = 2097152                                   {product} {ergonomic}
   size_t MinHeapSize                              = 8388608                                   {product} {ergonomic}
    uintx NonNMethodCodeHeapSize                   = 5839372                                {pd product} {ergonomic}
    uintx NonProfiledCodeHeapSize                  = 122909434                              {pd product} {ergonomic}
    uintx ProfiledCodeHeapSize                     = 122909434                              {pd product} {ergonomic}
    uintx ReservedCodeCacheSize                    = 251658240                              {pd product} {ergonomic}
     bool SegmentedCodeCache                       = true                                      {product} {ergonomic}
     bool ShowCodeDetailsInExceptionMessages       = true                                   {manageable} {command line}
   size_t SoftMaxHeapSize                          = 4208984064                             {manageable} {ergonomic}
     bool UseCompressedClassPointers               = true                           {product lp64_product} {ergonomic}
     bool UseCompressedOops                        = true                           {product lp64_product} {ergonomic}
     bool UseG1GC                                  = true                                      {product} {ergonomic}
     bool UseLargePagesIndividualAllocation        = false                                  {pd product} {ergonomic}

Logging:
Log output configuration:
 #0: stdout all=warning uptime,level,tags
 #1: stderr all=off uptime,level,tags

Environment Variables:
PATH=C:\Users\504\.p2\pool\plugins\org.eclipse.justj.openjdk.hotspot.jre.full.win32.x86_64_17.0.7.v20230425-1502\jre\bin;C:/Users/504/.p2/pool/plugins/org.eclipse.justj.openjdk.hotspot.jre.full.win32.x86_64_17.0.7.v20230425-1502/jre/bin/server;C:/Users/504/.p2/pool/plugins/org.eclipse.justj.openjdk.hotspot.jre.full.win32.x86_64_17.0.7.v20230425-1502/jre/bin;C:\Program Files (x86)\Common Files\Oracle\Java\javapath;C:\WINDOWS\system32;C:\WINDOWS;C:\WINDOWS\System32\Wbem;C:\WINDOWS\System32\WindowsPowerShell\v1.0\;C:\WINDOWS\System32\OpenSSH\;C:\Program Files\Bandizip\;C:\Users\504\AppData\Local\Microsoft\WindowsApps;;C:\Users\504\AppData\Local\Programs\Microsoft VS Code\bin;C:\Users\504\eclipse\jee-2023-03\eclipse;
USERNAME=504
OS=Windows_NT
PROCESSOR_IDENTIFIER=Intel64 Family 6 Model 158 Stepping 13, GenuineIntel
TMP=C:\Users\504\AppData\Local\Temp
TEMP=C:\Users\504\AppData\Local\Temp



---------------  S Y S T E M  ---------------

OS:
 Windows 10 , 64 bit Build 19041 (10.0.19041.3155)
OS uptime: 1 days 8:34 hours

CPU: total 8 (initial active 8) (8 cores per cpu, 1 threads per core) family 6 model 158 stepping 13 microcode 0xb4, cx8, cmov, fxsr, mmx, 3dnowpref, sse, sse2, sse3, ssse3, sse4.1, sse4.2, popcnt, lzcnt, tsc, tscinvbit, avx, avx2, aes, erms, clmul, bmi1, bmi2, rtm, adx, fma, vzeroupper, clflush, clflushopt

Memory: 4k page, system-wide physical 16049M (5562M free)
TotalPageFile size 53401M (AvailPageFile size 4M)
current process WorkingSet (physical memory assigned to process): 49M, peak: 52M
current process commit charge ("private bytes"): 341M, peak: 345M

vm_info: OpenJDK 64-Bit Server VM (17.0.7+7) for windows-amd64 JRE (17.0.7+7), built on Apr 18 2023 22:10:42 by "temurin" with MS VC++ 16.7 (VS2019)

END.
